0 verbose cli D:\study\2 sem 2 kurs\курсач\my-app\.tools\node-v20.20.2-win-x64\node.exe D:\study\2 sem 2 kurs\курсач\my-app\.tools\node-v20.20.2-win-x64\node_modules\npm\bin\npm-cli.js
1 info using npm@10.8.2
2 info using node@v20.20.2
3 silly config load:file:D:\study\2 sem 2 kurs\курсач\my-app\.tools\node-v20.20.2-win-x64\node_modules\npm\npmrc
4 silly config load:file:D:\study\2 sem 2 kurs\курсач\my-app\backend\.npmrc
5 silly config load:file:C:\Users\youri\.npmrc
6 silly config load:file:D:\study\2 sem 2 kurs\курсач\my-app\.tools\node-v20.20.2-win-x64\etc\npmrc
7 verbose title npm install
8 verbose argv "install"
9 verbose logfile logs-max:10 dir:d:\study\2 sem 2 kurs\курсач\my-app\backend\.npm-cache\_logs\2026-04-22T08_20_58_490Z-
10 verbose logfile d:\study\2 sem 2 kurs\курсач\my-app\backend\.npm-cache\_logs\2026-04-22T08_20_58_490Z-debug-0.log
11 silly packumentCache heap:4345298944 maxSize:1086324736 maxEntrySize:543162368
12 silly logfile done cleaning log files
13 silly idealTree buildDeps
14 silly fetch manifest @types/express@^5.0.1
15 silly packumentCache full:https://registry.npmjs.org/@types%2fexpress cache-miss
16 http fetch GET 200 https://registry.npmjs.org/@types%2fexpress 237ms (cache miss)
17 silly packumentCache full:https://registry.npmjs.org/@types%2fexpress set size:undefined disposed:false
18 silly placeDep ROOT @types/express@5.0.6 OK for: car-rental-backend@1.0.0 want: ^5.0.1
19 silly fetch manifest @types/body-parser@*
20 silly packumentCache full:https://registry.npmjs.org/@types%2fbody-parser cache-miss
21 silly fetch manifest @types/serve-static@^2
22 silly packumentCache full:https://registry.npmjs.org/@types%2fserve-static cache-miss
23 silly fetch manifest @types/express-serve-static-core@^5.0.0
24 silly packumentCache full:https://registry.npmjs.org/@types%2fexpress-serve-static-core cache-miss
25 http fetch GET 200 https://registry.npmjs.org/@types%2fbody-parser 71ms (cache miss)
26 silly packumentCache full:https://registry.npmjs.org/@types%2fbody-parser set size:undefined disposed:false
27 http fetch GET 200 https://registry.npmjs.org/@types%2fserve-static 132ms (cache miss)
28 silly packumentCache full:https://registry.npmjs.org/@types%2fserve-static set size:undefined disposed:false
29 http fetch GET 200 https://registry.npmjs.org/@types%2fexpress-serve-static-core 192ms (cache miss)
30 silly packumentCache full:https://registry.npmjs.org/@types%2fexpress-serve-static-core set size:undefined disposed:false
31 silly placeDep ROOT @types/body-parser@1.19.6 OK for: @types/express@5.0.6 want: *
32 silly placeDep ROOT @types/express-serve-static-core@5.1.1 OK for: @types/express@5.0.6 want: ^5.0.0
33 silly placeDep ROOT @types/serve-static@2.2.0 OK for: @types/express@5.0.6 want: ^2
34 silly fetch manifest @types/connect@*
35 silly packumentCache full:https://registry.npmjs.org/@types%2fconnect cache-miss
36 silly fetch manifest @types/qs@*
37 silly packumentCache full:https://registry.npmjs.org/@types%2fqs cache-miss
38 silly fetch manifest @types/send@*
39 silly packumentCache full:https://registry.npmjs.org/@types%2fsend cache-miss
40 silly fetch manifest @types/range-parser@*
41 silly packumentCache full:https://registry.npmjs.org/@types%2frange-parser cache-miss
42 silly fetch manifest @types/http-errors@*
43 silly packumentCache full:https://registry.npmjs.org/@types%2fhttp-errors cache-miss
44 http fetch GET 200 https://registry.npmjs.org/@types%2fqs 86ms (cache miss)
45 silly packumentCache full:https://registry.npmjs.org/@types%2fqs set size:undefined disposed:false
46 http fetch GET 200 https://registry.npmjs.org/@types%2fsend 89ms (cache miss)
47 silly packumentCache full:https://registry.npmjs.org/@types%2fsend set size:undefined disposed:false
48 http fetch GET 200 https://registry.npmjs.org/@types%2fconnect 90ms (cache miss)
49 silly packumentCache full:https://registry.npmjs.org/@types%2fconnect set size:undefined disposed:false
50 http fetch GET 200 https://registry.npmjs.org/@types%2fhttp-errors 161ms (cache miss)
51 silly packumentCache full:https://registry.npmjs.org/@types%2fhttp-errors set size:undefined disposed:false
52 http fetch GET 200 https://registry.npmjs.org/@types%2frange-parser 171ms (cache miss)
53 silly packumentCache full:https://registry.npmjs.org/@types%2frange-parser set size:undefined disposed:false
54 silly placeDep ROOT @types/connect@3.4.38 OK for: @types/body-parser@1.19.6 want: *
55 silly placeDep ROOT @types/qs@6.15.0 OK for: @types/express-serve-static-core@5.1.1 want: *
56 silly placeDep ROOT @types/range-parser@1.2.7 OK for: @types/express-serve-static-core@5.1.1 want: *
57 silly placeDep ROOT @types/send@1.2.1 OK for: @types/express-serve-static-core@5.1.1 want: *
58 silly placeDep ROOT @types/http-errors@2.0.5 OK for: @types/serve-static@2.2.0 want: *
59 silly reify moves {}
60 silly audit bulk request {
60 silly audit   '@angular-devkit/core': [ '19.2.24' ],
60 silly audit   rxjs: [ '7.8.1', '7.8.2' ],
60 silly audit   '@angular-devkit/schematics': [ '19.2.24' ],
60 silly audit   '@angular-devkit/schematics-cli': [ '19.2.24' ],
60 silly audit   '@inquirer/prompts': [ '7.3.2', '7.10.1' ],
60 silly audit   '@babel/code-frame': [ '7.29.0' ],
60 silly audit   '@babel/helper-validator-identifier': [ '7.28.5' ],
60 silly audit   '@borewit/text-codec': [ '0.2.2' ],
60 silly audit   '@colors/colors': [ '1.5.0' ],
60 silly audit   '@cspotcode/source-map-support': [ '0.8.1' ],
60 silly audit   '@inquirer/ansi': [ '1.0.2' ],
60 silly audit   '@inquirer/checkbox': [ '4.3.2' ],
60 silly audit   '@inquirer/confirm': [ '5.1.21' ],
60 silly audit   '@inquirer/core': [ '10.3.2' ],
60 silly audit   '@inquirer/editor': [ '4.2.23' ],
60 silly audit   '@inquirer/expand': [ '4.0.23' ],
60 silly audit   '@inquirer/external-editor': [ '1.0.3' ],
60 silly audit   '@inquirer/figures': [ '1.0.15' ],
60 silly audit   '@inquirer/input': [ '4.3.1' ],
60 silly audit   '@inquirer/number': [ '3.0.23' ],
60 silly audit   '@inquirer/password': [ '4.0.23' ],
60 silly audit   '@inquirer/rawlist': [ '4.1.11' ],
60 silly audit   '@inquirer/search': [ '3.2.2' ],
60 silly audit   '@inquirer/select': [ '4.4.2' ],
60 silly audit   '@inquirer/type': [ '3.0.10' ],
60 silly audit   '@jridgewell/gen-mapping': [ '0.3.13' ],
60 silly audit   '@jridgewell/trace-mapping': [ '0.3.31', '0.3.9' ],
60 silly audit   '@jridgewell/resolve-uri': [ '3.1.2' ],
60 silly audit   '@jridgewell/source-map': [ '0.3.11' ],
60 silly audit   '@jridgewell/sourcemap-codec': [ '1.5.5' ],
60 silly audit   '@lukeed/csprng': [ '1.1.0' ],
60 silly audit   '@nestjs/cli': [ '11.0.21' ],
60 silly audit   'ajv-formats': [ '2.1.1', '3.0.1' ],
60 silly audit   'mime-db': [ '1.52.0', '1.54.0' ],
60 silly audit   'mime-types': [ '2.1.35', '3.0.2' ],
60 silly audit   'schema-utils': [ '4.3.3', '3.3.0' ],
60 silly audit   webpack: [ '5.106.0', '5.106.2' ],
60 silly audit   '@nestjs/common': [ '11.1.19' ],
60 silly audit   '@nestjs/config': [ '4.0.4' ],
60 silly audit   '@nestjs/core': [ '11.1.19' ],
60 silly audit   '@nestjs/mapped-types': [ '2.1.1' ],
60 silly audit   '@nestjs/platform-express': [ '11.1.19' ],
60 silly audit   '@nestjs/schematics': [ '11.1.0' ],
60 silly audit   '@nestjs/testing': [ '11.1.19' ],
60 silly audit   '@nuxt/opencollective': [ '0.4.1' ],
60 silly audit   '@prisma/client': [ '6.19.3' ],
60 silly audit   '@prisma/config': [ '6.19.3' ],
60 silly audit   '@prisma/debug': [ '6.19.3' ],
60 silly audit   '@prisma/engines': [ '6.19.3' ],
60 silly audit   '@prisma/engines-version': [ '7.1.1-3.c2990dca591cba766e3b7ef5d9e8a84796e47ab7' ],
60 silly audit   '@prisma/fetch-engine': [ '6.19.3' ],
60 silly audit   '@prisma/get-platform': [ '6.19.3' ],
60 silly audit   '@standard-schema/spec': [ '1.1.0' ],
60 silly audit   '@tokenizer/inflate': [ '0.4.1' ],
60 silly audit   '@tokenizer/token': [ '0.3.0' ],
60 silly audit   '@tsconfig/node10': [ '1.0.12' ],
60 silly audit   '@tsconfig/node12': [ '1.0.11' ],
60 silly audit   '@tsconfig/node14': [ '1.0.3' ],
60 silly audit   '@tsconfig/node16': [ '1.0.4' ],
60 silly audit   '@types/eslint': [ '9.6.1' ],
60 silly audit   '@types/eslint-scope': [ '3.7.7' ],
60 silly audit   '@types/estree': [ '1.0.8' ],
60 silly audit   '@types/json-schema': [ '7.0.15' ],
60 silly audit   '@types/node': [ '22.19.17' ],
60 silly audit   '@types/validator': [ '13.15.10' ],
60 silly audit   '@webassemblyjs/ast': [ '1.14.1' ],
60 silly audit   '@webassemblyjs/floating-point-hex-parser': [ '1.13.2' ],
60 silly audit   '@webassemblyjs/helper-api-error': [ '1.13.2' ],
60 silly audit   '@webassemblyjs/helper-buffer': [ '1.14.1' ],
60 silly audit   '@webassemblyjs/helper-numbers': [ '1.13.2' ],
60 silly audit   '@webassemblyjs/helper-wasm-bytecode': [ '1.13.2' ],
60 silly audit   '@webassemblyjs/helper-wasm-section': [ '1.14.1' ],
60 silly audit   '@webassemblyjs/ieee754': [ '1.13.2' ],
60 silly audit   '@webassemblyjs/leb128': [ '1.13.2' ],
60 silly audit   '@webassemblyjs/utf8': [ '1.13.2' ],
60 silly audit   '@webassemblyjs/wasm-edit': [ '1.14.1' ],
60 silly audit   '@webassemblyjs/wasm-gen': [ '1.14.1' ],
60 silly audit   '@webassemblyjs/wasm-opt': [ '1.14.1' ],
60 silly audit   '@webassemblyjs/wasm-parser': [ '1.14.1' ],
60 silly audit   '@webassemblyjs/wast-printer': [ '1.14.1' ],
60 silly audit   '@xtuc/ieee754': [ '1.2.0' ],
60 silly audit   '@xtuc/long': [ '4.2.2' ],
60 silly audit   accepts: [ '2.0.0' ],
60 silly audit   acorn: [ '8.16.0' ],
60 silly audit   'acorn-import-phases': [ '1.0.4' ],
60 silly audit   'acorn-walk': [ '8.3.5' ],
60 silly audit   ajv: [ '8.18.0', '6.14.0' ],
60 silly audit   'ajv-keywords': [ '5.1.0', '3.5.2' ],
60 silly audit   'ansi-colors': [ '4.1.3' ],
60 silly audit   'ansi-regex': [ '5.0.1' ],
60 silly audit   'ansi-styles': [ '4.3.0' ],
60 silly audit   ansis: [ '4.2.0' ],
60 silly audit   'append-field': [ '1.0.0' ],
60 silly audit   arg: [ '4.1.3' ],
60 silly audit   argparse: [ '2.0.1' ],
60 silly audit   'array-timsort': [ '1.0.3' ],
60 silly audit   'balanced-match': [ '1.0.2', '4.0.4' ],
60 silly audit   'base64-js': [ '1.5.1' ],
60 silly audit   'baseline-browser-mapping': [ '2.10.20' ],
60 silly audit   bl: [ '4.1.0' ],
60 silly audit   'body-parser': [ '2.2.2' ],
60 silly audit   'brace-expansion': [ '1.1.14', '5.0.5' ],
60 silly audit   braces: [ '3.0.3' ],
60 silly audit   browserslist: [ '4.28.2' ],
60 silly audit   buffer: [ '5.7.1' ],
60 silly audit   'buffer-from': [ '1.1.2' ],
60 silly audit   busboy: [ '1.6.0' ],
60 silly audit   bytes: [ '3.1.2' ],
60 silly audit   c12: [ '3.1.0' ],
60 silly audit   dotenv: [ '16.6.1', '17.4.1' ],
60 silly audit   'call-bind-apply-helpers': [ '1.0.2' ],
60 silly audit   'call-bound': [ '1.0.4' ],
60 silly audit   callsites: [ '3.1.0' ],
60 silly audit   'caniuse-lite': [ '1.0.30001790' ],
60 silly audit   chalk: [ '4.1.2' ],
60 silly audit   chardet: [ '2.1.1' ],
60 silly audit   chokidar: [ '4.0.3' ],
60 silly audit   'chrome-trace-event': [ '1.0.4' ],
60 silly audit   citty: [ '0.1.6', '0.2.2' ],
60 silly audit   'class-transformer': [ '0.5.1' ],
60 silly audit   'class-validator': [ '0.14.4' ],
60 silly audit   'cli-cursor': [ '3.1.0' ],
60 silly audit   'cli-spinners': [ '2.9.2' ],
60 silly audit   'cli-table3': [ '0.6.5' ],
60 silly audit   'cli-width': [ '4.1.0' ],
60 silly audit   clone: [ '1.0.4' ],
60 silly audit   'color-convert': [ '2.0.1' ],
60 silly audit   'color-name': [ '1.1.4' ],
60 silly audit   commander: [ '4.1.1', '2.20.3' ],
60 silly audit   'comment-json': [ '5.0.0' ],
60 silly audit   'concat-map': [ '0.0.1' ],
60 silly audit   'concat-stream': [ '2.0.0' ],
60 silly audit   confbox: [ '0.2.4' ],
60 silly audit   consola: [ '3.4.2' ],
60 silly audit   'content-disposition': [ '1.1.0' ],
60 silly audit   'content-type': [ '1.0.5' ],
60 silly audit   cookie: [ '0.7.2' ],
60 silly audit   'cookie-signature': [ '1.2.2' ],
60 silly audit   cors: [ '2.8.6' ],
60 silly audit   cosmiconfig: [ '8.3.6' ],
60 silly audit   'create-require': [ '1.1.1' ],
60 silly audit   debug: [ '4.4.3' ],
60 silly audit   deepmerge: [ '4.3.1' ],
60 silly audit   'deepmerge-ts': [ '7.1.5' ],
60 silly audit   defaults: [ '1.0.4' ],
60 silly audit   defu: [ '6.1.7' ],
60 silly audit   depd: [ '2.0.0' ],
60 silly audit   destr: [ '2.0.5' ],
60 silly audit   diff: [ '4.0.4' ],
60 silly audit   'dotenv-expand': [ '12.0.3' ],
60 silly audit   'dunder-proto': [ '1.0.1' ],
60 silly audit   'ee-first': [ '1.1.1' ],
60 silly audit   effect: [ '3.21.0' ],
60 silly audit   'electron-to-chromium': [ '1.5.343' ],
60 silly audit   'emoji-regex': [ '8.0.0' ],
60 silly audit   empathic: [ '2.0.0' ],
60 silly audit   encodeurl: [ '2.0.0' ],
60 silly audit   'enhanced-resolve': [ '5.20.1' ],
60 silly audit   'error-ex': [ '1.3.4' ],
60 silly audit   'es-define-property': [ '1.0.1' ],
60 silly audit   'es-errors': [ '1.3.0' ],
60 silly audit   'es-module-lexer': [ '2.0.0' ],
60 silly audit   'es-object-atoms': [ '1.1.1' ],
60 silly audit   escalade: [ '3.2.0' ],
60 silly audit   'escape-html': [ '1.0.3' ],
60 silly audit   'eslint-scope': [ '5.1.1' ],
60 silly audit   esprima: [ '4.0.1' ],
60 silly audit   esrecurse: [ '4.3.0' ],
60 silly audit   estraverse: [ '5.3.0', '4.3.0' ],
60 silly audit   etag: [ '1.8.1' ],
60 silly audit   events: [ '3.3.0' ],
60 silly audit   express: [ '5.2.1' ],
60 silly audit   exsolve: [ '1.0.8' ],
60 silly audit   'fast-check': [ '3.23.2' ],
60 silly audit   'fast-deep-equal': [ '3.1.3' ],
60 silly audit   'fast-json-stable-stringify': [ '2.1.0' ],
60 silly audit   'fast-safe-stringify': [ '2.1.1' ],
60 silly audit   'fast-uri': [ '3.1.0' ],
60 silly audit   'file-type': [ '21.3.4' ],
60 silly audit   'fill-range': [ '7.1.1' ],
60 silly audit   finalhandler: [ '2.1.1' ],
60 silly audit   'fork-ts-checker-webpack-plugin': [ '9.1.0' ],
60 silly audit   forwarded: [ '0.2.0' ],
60 silly audit   fresh: [ '2.0.0' ],
60 silly audit   'fs-extra': [ '10.1.0' ],
60 silly audit   'fs-monkey': [ '1.1.0' ],
60 silly audit   'function-bind': [ '1.1.2' ],
60 silly audit   'get-intrinsic': [ '1.3.0' ],
60 silly audit   'get-proto': [ '1.0.1' ],
60 silly audit   giget: [ '2.0.0' ],
60 silly audit   glob: [ '13.0.6' ],
60 silly audit   'glob-to-regexp': [ '0.4.1' ],
60 silly audit   minimatch: [ '10.2.5', '3.1.5' ],
60 silly audit   gopd: [ '1.2.0' ],
60 silly audit   'graceful-fs': [ '4.2.11' ],
60 silly audit   'has-flag': [ '4.0.0' ],
60 silly audit   'has-symbols': [ '1.1.0' ],
60 silly audit   hasown: [ '2.0.3' ],
60 silly audit   'http-errors': [ '2.0.1' ],
60 silly audit   'iconv-lite': [ '0.7.2' ],
60 silly audit   ieee754: [ '1.2.1' ],
60 silly audit   'import-fresh': [ '3.3.1' ],
60 silly audit   inherits: [ '2.0.4' ],
60 silly audit   'ipaddr.js': [ '1.9.1' ],
60 silly audit   'is-arrayish': [ '0.2.1' ],
60 silly audit   'is-fullwidth-code-point': [ '3.0.0' ],
60 silly audit   'is-interactive': [ '1.0.0' ],
60 silly audit   'is-number': [ '7.0.0' ],
60 silly audit   'is-promise': [ '4.0.0' ],
60 silly audit   'is-unicode-supported': [ '0.1.0' ],
60 silly audit   iterare: [ '1.2.1' ],
60 silly audit   'jest-worker': [ '27.5.1' ],
60 silly audit   'supports-color': [ '8.1.1', '7.2.0' ],
60 silly audit   jiti: [ '2.6.1' ],
60 silly audit   'js-tokens': [ '4.0.0' ],
60 silly audit   'js-yaml': [ '4.1.1' ],
60 silly audit   'json-parse-even-better-errors': [ '2.3.1' ],
60 silly audit   'json-schema-traverse': [ '1.0.0', '0.4.1' ],
60 silly audit   json5: [ '2.2.3' ],
60 silly audit   'jsonc-parser': [ '3.3.1' ],
60 silly audit   jsonfile: [ '6.2.1' ],
60 silly audit   'libphonenumber-js': [ '1.12.41' ],
60 silly audit   'lines-and-columns': [ '1.2.4' ],
60 silly audit   'load-esm': [ '1.0.3' ],
60 silly audit   'loader-runner': [ '4.3.1' ],
60 silly audit   lodash: [ '4.18.1' ],
60 silly audit   'log-symbols': [ '4.1.0' ],
60 silly audit   'lru-cache': [ '11.3.5' ],
60 silly audit   'magic-string': [ '0.30.17' ],
60 silly audit   'make-error': [ '1.3.6' ],
60 silly audit   'math-intrinsics': [ '1.1.0' ],
60 silly audit   'media-typer': [ '1.1.0', '0.3.0' ],
60 silly audit   memfs: [ '3.5.3' ],
60 silly audit   'merge-descriptors': [ '2.0.0' ],
60 silly audit   'merge-stream': [ '2.0.0' ],
60 silly audit   micromatch: [ '4.0.8' ],
60 silly audit   picomatch: [ '2.3.2', '4.0.4' ],
60 silly audit   'mimic-fn': [ '2.1.0' ],
60 silly audit   minimist: [ '1.2.8' ],
60 silly audit   minipass: [ '7.1.3' ],
60 silly audit   ms: [ '2.1.3' ],
60 silly audit   multer: [ '2.1.1' ],
60 silly audit   'type-is': [ '1.6.18', '2.0.1' ],
60 silly audit   'mute-stream': [ '2.0.0' ],
60 silly audit   negotiator: [ '1.0.0' ],
60 silly audit   'neo-async': [ '2.6.2' ],
60 silly audit   'node-abort-controller': [ '3.1.1' ],
60 silly audit   'node-emoji': [ '1.11.0' ],
60 silly audit   'node-fetch-native': [ '1.6.7' ],
60 silly audit   'node-releases': [ '2.0.38' ],
60 silly audit   nypm: [ '0.6.5' ],
60 silly audit   'object-assign': [ '4.1.1' ],
60 silly audit   'object-inspect': [ '1.13.4' ],
60 silly audit   ohash: [ '2.0.11' ],
60 silly audit   'on-finished': [ '2.4.1' ],
60 silly audit   once: [ '1.4.0' ],
60 silly audit   onetime: [ '5.1.2' ],
60 silly audit   ora: [ '5.4.1' ],
60 silly audit   'parent-module': [ '1.0.1' ],
60 silly audit   'parse-json': [ '5.2.0' ],
60 silly audit   parseurl: [ '1.3.3' ],
60 silly audit   'path-scurry': [ '2.0.2' ],
60 silly audit   'path-to-regexp': [ '8.4.2' ],
60 silly audit   'path-type': [ '4.0.0' ],
60 silly audit   pathe: [ '2.0.3' ],
60 silly audit   'perfect-debounce': [ '1.0.0' ],
60 silly audit   picocolors: [ '1.1.1' ],
60 silly audit   'pkg-types': [ '2.3.0' ],
60 silly audit   pluralize: [ '8.0.0' ],
60 silly audit   prisma: [ '6.19.3' ],
60 silly audit   'proxy-addr': [ '2.0.7' ],
60 silly audit   punycode: [ '2.3.1' ],
60 silly audit   'pure-rand': [ '6.1.0' ],
60 silly audit   qs: [ '6.15.1' ],
60 silly audit   'range-parser': [ '1.2.1' ],
60 silly audit   'raw-body': [ '3.0.2' ],
60 silly audit   rc9: [ '2.1.2' ],
60 silly audit   'readable-stream': [ '3.6.2' ],
60 silly audit   readdirp: [ '4.1.2' ],
60 silly audit   'reflect-metadata': [ '0.2.2' ],
60 silly audit   'require-from-string': [ '2.0.2' ],
60 silly audit   'resolve-from': [ '4.0.0' ],
60 silly audit   'restore-cursor': [ '3.1.0' ],
60 silly audit   'signal-exit': [ '3.0.7', '4.1.0' ],
60 silly audit   router: [ '2.2.0' ],
60 silly audit   'safe-buffer': [ '5.2.1' ],
60 silly audit   'safer-buffer': [ '2.1.2' ],
60 silly audit   semver: [ '7.7.4' ],
60 silly audit   send: [ '1.2.1' ],
60 silly audit   'serve-static': [ '2.2.1' ],
60 silly audit   setprototypeof: [ '1.2.0' ],
60 silly audit   'side-channel': [ '1.1.0' ],
60 silly audit   'side-channel-list': [ '1.0.1' ],
60 silly audit   'side-channel-map': [ '1.0.1' ],
60 silly audit   'side-channel-weakmap': [ '1.0.2' ],
60 silly audit   'source-map': [ '0.7.4', '0.6.1' ],
60 silly audit   'source-map-support': [ '0.5.21' ],
60 silly audit   statuses: [ '2.0.2' ],
60 silly audit   streamsearch: [ '1.1.0' ],
60 silly audit   string_decoder: [ '1.3.0' ],
60 silly audit   'string-width': [ '4.2.3' ],
60 silly audit   'strip-ansi': [ '6.0.1' ],
60 silly audit   'strip-bom': [ '3.0.0' ],
60 silly audit   strtok3: [ '10.3.5' ],
60 silly audit   'symbol-observable': [ '4.0.0' ],
60 silly audit   tapable: [ '2.3.3' ],
60 silly audit   terser: [ '5.46.1' ],
60 silly audit   'terser-webpack-plugin': [ '5.4.0' ],
60 silly audit   tinyexec: [ '1.1.1' ],
60 silly audit   'to-regex-range': [ '5.0.1' ],
60 silly audit   toidentifier: [ '1.0.1' ],
60 silly audit   'token-types': [ '6.1.2' ],
60 silly audit   'ts-loader': [ '9.5.7' ],
60 silly audit   'ts-node': [ '10.9.2' ],
60 silly audit   'tsconfig-paths': [ '4.2.0' ],
60 silly audit   'tsconfig-paths-webpack-plugin': [ '4.2.0' ],
60 silly audit   tslib: [ '2.8.1' ],
60 silly audit   typedarray: [ '0.0.6' ],
60 silly audit   typescript: [ '5.9.3' ],
60 silly audit   uid: [ '2.0.2' ],
60 silly audit   'uint8array-extras': [ '1.5.0' ],
60 silly audit   'undici-types': [ '6.21.0' ],
60 silly audit   universalify: [ '2.0.1' ],
60 silly audit   unpipe: [ '1.0.0' ],
60 silly audit   'update-browserslist-db': [ '1.2.3' ],
60 silly audit   'uri-js': [ '4.4.1' ],
60 silly audit   'util-deprecate': [ '1.0.2' ],
60 silly audit   'v8-compile-cache-lib': [ '3.0.1' ],
60 silly audit   validator: [ '13.15.35' ],
60 silly audit   vary: [ '1.1.2' ],
60 silly audit   watchpack: [ '2.5.1' ],
60 silly audit   wcwidth: [ '1.0.1' ],
60 silly audit   'webpack-node-externals': [ '3.0.0' ],
60 silly audit   'webpack-sources': [ '3.3.4' ],
60 silly audit   'wrap-ansi': [ '6.2.0' ],
60 silly audit   wrappy: [ '1.0.2' ],
60 silly audit   'yargs-parser': [ '21.1.1' ],
60 silly audit   yn: [ '3.1.1' ],
60 silly audit   'yoctocolors-cjs': [ '2.1.3' ],
60 silly audit   '@types/express': [ '5.0.6' ],
60 silly audit   '@types/body-parser': [ '1.19.6' ],
60 silly audit   '@types/express-serve-static-core': [ '5.1.1' ],
60 silly audit   '@types/serve-static': [ '2.2.0' ],
60 silly audit   '@types/connect': [ '3.4.38' ],
60 silly audit   '@types/qs': [ '6.15.0' ],
60 silly audit   '@types/range-parser': [ '1.2.7' ],
60 silly audit   '@types/send': [ '1.2.1' ],
60 silly audit   '@types/http-errors': [ '2.0.5' ]
60 silly audit }
61 silly tarball no local data for @types/qs@https://registry.npmjs.org/@types/qs/-/qs-6.15.0.tgz. Extracting by manifest.
62 silly tarball no local data for @types/http-errors@https://registry.npmjs.org/@types/http-errors/-/http-errors-2.0.5.tgz. Extracting by manifest.
63 silly tarball no local data for @types/range-parser@https://registry.npmjs.org/@types/range-parser/-/range-parser-1.2.7.tgz. Extracting by manifest.
64 silly tarball no local data for @types/send@https://registry.npmjs.org/@types/send/-/send-1.2.1.tgz. Extracting by manifest.
65 silly tarball no local data for @types/serve-static@https://registry.npmjs.org/@types/serve-static/-/serve-static-2.2.0.tgz. Extracting by manifest.
66 silly tarball no local data for @types/express-serve-static-core@https://registry.npmjs.org/@types/express-serve-static-core/-/express-serve-static-core-5.1.1.tgz. Extracting by manifest.
67 silly tarball no local data for @types/connect@https://registry.npmjs.org/@types/connect/-/connect-3.4.38.tgz. Extracting by manifest.
68 silly tarball no local data for @types/body-parser@https://registry.npmjs.org/@types/body-parser/-/body-parser-1.19.6.tgz. Extracting by manifest.
69 silly tarball no local data for @types/express@https://registry.npmjs.org/@types/express/-/express-5.0.6.tgz. Extracting by manifest.
70 http fetch GET 200 https://registry.npmjs.org/@types/qs/-/qs-6.15.0.tgz 87ms (cache miss)
71 http fetch GET 200 https://registry.npmjs.org/@types/send/-/send-1.2.1.tgz 88ms (cache miss)
72 http fetch GET 200 https://registry.npmjs.org/@types/range-parser/-/range-parser-1.2.7.tgz 104ms (cache miss)
73 http fetch GET 200 https://registry.npmjs.org/@types/http-errors/-/http-errors-2.0.5.tgz 129ms (cache miss)
74 http fetch GET 200 https://registry.npmjs.org/@types/serve-static/-/serve-static-2.2.0.tgz 161ms (cache miss)
75 http fetch GET 200 https://registry.npmjs.org/@types/express/-/express-5.0.6.tgz 180ms (cache miss)
76 http fetch GET 200 https://registry.npmjs.org/@types/body-parser/-/body-parser-1.19.6.tgz 192ms (cache miss)
77 http fetch GET 200 https://registry.npmjs.org/@types/express-serve-static-core/-/express-serve-static-core-5.1.1.tgz 230ms (cache miss)
78 http fetch GET 200 https://registry.npmjs.org/@types/connect/-/connect-3.4.38.tgz 230ms (cache miss)
79 http fetch POST 200 https://registry.npmjs.org/-/npm/v1/security/advisories/bulk 307ms
80 silly audit report {}
81 silly ADD node_modules/@types/http-errors
82 silly ADD node_modules/@types/send
83 silly ADD node_modules/@types/range-parser
84 silly ADD node_modules/@types/qs
85 silly ADD node_modules/@types/connect
86 silly ADD node_modules/@types/serve-static
87 silly ADD node_modules/@types/express-serve-static-core
88 silly ADD node_modules/@types/body-parser
89 silly ADD node_modules/@types/express
90 verbose cwd D:\study\2 sem 2 kurs\курсач\my-app\backend
91 verbose os Windows_NT 10.0.26200
92 verbose node v20.20.2
93 verbose npm  v10.8.2
94 verbose exit 0
95 info ok
