0 verbose cli D:\study\2 sem 2 kurs\курсач\my-app\.tools\node-v20.20.2-win-x64\node.exe D:\study\2 sem 2 kurs\курсач\my-app\.tools\node-v20.20.2-win-x64\node_modules\npm\bin\npm-cli.js
1 info using npm@10.8.2
2 info using node@v20.20.2
3 silly config load:file:D:\study\2 sem 2 kurs\курсач\my-app\.tools\node-v20.20.2-win-x64\node_modules\npm\npmrc
4 silly config load:file:D:\study\2 sem 2 kurs\курсач\my-app\frontend\.npmrc
5 silly config load:file:C:\Users\youri\.npmrc
6 silly config load:file:D:\study\2 sem 2 kurs\курсач\my-app\.tools\node-v20.20.2-win-x64\etc\npmrc
7 verbose title npm install tailwindcss@3.4.17
8 verbose argv "install" "tailwindcss@3.4.17"
9 verbose logfile logs-max:10 dir:d:\study\2 sem 2 kurs\курсач\my-app\frontend\.npm-cache\_logs\2026-04-22T07_33_05_485Z-
10 verbose logfile d:\study\2 sem 2 kurs\курсач\my-app\frontend\.npm-cache\_logs\2026-04-22T07_33_05_485Z-debug-0.log
11 silly packumentCache heap:4345298944 maxSize:1086324736 maxEntrySize:543162368
12 silly logfile done cleaning log files
13 silly idealTree buildDeps
14 silly fetch manifest tailwindcss@3.4.17
15 silly packumentCache full:https://registry.npmjs.org/tailwindcss cache-miss
16 http fetch GET 200 https://registry.npmjs.org/npm 1257ms
17 http fetch GET 200 https://registry.npmjs.org/tailwindcss 880ms (cache miss)
18 silly packumentCache full:https://registry.npmjs.org/tailwindcss set size:undefined disposed:false
19 silly placeDep ROOT tailwindcss@3.4.17 REPLACE for: my-app@0.1.0 want: 3.4.17
20 silly fetch manifest lilconfig@^3.1.3
21 silly packumentCache full:https://registry.npmjs.org/lilconfig cache-miss
22 silly fetch manifest postcss-load-config@^4.0.2
23 silly packumentCache full:https://registry.npmjs.org/postcss-load-config cache-miss
24 http fetch GET 200 https://registry.npmjs.org/lilconfig 62ms (cache miss)
25 silly packumentCache full:https://registry.npmjs.org/lilconfig set size:undefined disposed:false
26 http fetch GET 200 https://registry.npmjs.org/postcss-load-config 73ms (cache miss)
27 silly packumentCache full:https://registry.npmjs.org/postcss-load-config set size:undefined disposed:false
28 silly fetch manifest postcss@^8.4.47
29 silly packumentCache full:https://registry.npmjs.org/postcss cache-miss
30 http fetch GET 200 https://registry.npmjs.org/postcss 74ms (cache miss)
31 silly packumentCache full:https://registry.npmjs.org/postcss set size:undefined disposed:false
32 silly fetch manifest ts-node@>=9.0.0
33 silly packumentCache full:https://registry.npmjs.org/ts-node cache-miss
34 http fetch GET 200 https://registry.npmjs.org/ts-node 72ms (cache miss)
35 silly packumentCache full:https://registry.npmjs.org/ts-node set size:undefined disposed:false
36 silly fetch manifest @swc/core@>=1.2.50
37 silly packumentCache full:https://registry.npmjs.org/@swc%2fcore cache-miss
38 http fetch GET 200 https://registry.npmjs.org/@swc%2fcore 152ms (cache miss)
39 silly packumentCache full:https://registry.npmjs.org/@swc%2fcore set size:undefined disposed:false
40 silly fetch manifest @swc/helpers@>=0.5.17
41 silly packumentCache full:https://registry.npmjs.org/@swc%2fhelpers cache-miss
42 http fetch GET 200 https://registry.npmjs.org/@swc%2fhelpers 100ms (cache miss)
43 silly packumentCache full:https://registry.npmjs.org/@swc%2fhelpers set size:undefined disposed:false
44 silly fetch manifest @swc/wasm@>=1.2.50
45 silly packumentCache full:https://registry.npmjs.org/@swc%2fwasm cache-miss
46 http fetch GET 200 https://registry.npmjs.org/@swc%2fwasm 124ms (cache miss)
47 silly packumentCache full:https://registry.npmjs.org/@swc%2fwasm set size:undefined disposed:false
48 silly fetch manifest @types/node@*
49 silly packumentCache full:https://registry.npmjs.org/@types%2fnode cache-miss
50 http fetch GET 200 https://registry.npmjs.org/@types%2fnode 270ms (cache miss)
51 silly packumentCache full:https://registry.npmjs.org/@types%2fnode set size:undefined disposed:false
52 silly fetch manifest typescript@>=2.7
53 silly packumentCache full:https://registry.npmjs.org/typescript cache-miss
54 http fetch GET 200 https://registry.npmjs.org/typescript 741ms (cache miss)
55 silly packumentCache full:https://registry.npmjs.org/typescript set size:undefined disposed:false
56 silly placeDep node_modules/tailwindcss lilconfig@3.1.3 OK for: tailwindcss@3.4.17 want: ^3.1.3
57 silly placeDep ROOT postcss-load-config@4.0.2 OK for: tailwindcss@3.4.17 want: ^4.0.2
58 silly fetch manifest yaml@^2.3.4
59 silly packumentCache full:https://registry.npmjs.org/yaml cache-miss
60 silly fetch manifest lilconfig@^3.0.0
61 silly packumentCache full:https://registry.npmjs.org/lilconfig cache-miss
62 http fetch GET 200 https://registry.npmjs.org/lilconfig 9ms (cache hit)
63 silly packumentCache full:https://registry.npmjs.org/lilconfig set size:45636 disposed:false
64 http fetch GET 200 https://registry.npmjs.org/yaml 99ms (cache miss)
65 silly packumentCache full:https://registry.npmjs.org/yaml set size:undefined disposed:false
66 silly placeDep node_modules/postcss-load-config lilconfig@3.1.3 OK for: postcss-load-config@4.0.2 want: ^3.0.0
67 silly placeDep node_modules/postcss-load-config yaml@2.8.3 OK for: postcss-load-config@4.0.2 want: ^2.3.4
68 silly reify mark retired [
68 silly reify   'D:\\study\\2 sem 2 kurs\\курсач\\my-app\\frontend\\node_modules\\tailwindcss'
68 silly reify ]
69 silly reify moves {
69 silly reify   'D:\\study\\2 sem 2 kurs\\курсач\\my-app\\frontend\\node_modules\\tailwindcss': 'D:\\study\\2 sem 2 kurs\\курсач\\my-app\\frontend\\node_modules\\.tailwindcss-rLFV4w0H'
69 silly reify }
70 silly audit bulk request {
70 silly audit   '@adobe/css-tools': [ '4.4.4' ],
70 silly audit   '@alloc/quick-lru': [ '5.2.0' ],
70 silly audit   '@babel/code-frame': [ '7.29.0' ],
70 silly audit   '@babel/compat-data': [ '7.29.0' ],
70 silly audit   '@babel/core': [ '7.29.0' ],
70 silly audit   semver: [ '6.3.1', '7.7.4' ],
70 silly audit   '@babel/eslint-parser': [ '7.28.6' ],
70 silly audit   'eslint-visitor-keys': [ '2.1.0', '3.4.3' ],
70 silly audit   '@babel/generator': [ '7.29.1' ],
70 silly audit   '@babel/helper-annotate-as-pure': [ '7.27.3' ],
70 silly audit   '@babel/helper-compilation-targets': [ '7.28.6' ],
70 silly audit   '@babel/helper-create-class-features-plugin': [ '7.28.6' ],
70 silly audit   '@babel/helper-create-regexp-features-plugin': [ '7.28.5' ],
70 silly audit   '@babel/helper-define-polyfill-provider': [ '0.6.8' ],
70 silly audit   '@babel/helper-globals': [ '7.28.0' ],
70 silly audit   '@babel/helper-member-expression-to-functions': [ '7.28.5' ],
70 silly audit   '@babel/helper-module-imports': [ '7.28.6' ],
70 silly audit   '@babel/helper-module-transforms': [ '7.28.6' ],
70 silly audit   '@babel/helper-optimise-call-expression': [ '7.27.1' ],
70 silly audit   '@babel/helper-plugin-utils': [ '7.28.6' ],
70 silly audit   '@babel/helper-remap-async-to-generator': [ '7.27.1' ],
70 silly audit   '@babel/helper-replace-supers': [ '7.28.6' ],
70 silly audit   '@babel/helper-skip-transparent-expression-wrappers': [ '7.27.1' ],
70 silly audit   '@babel/helper-string-parser': [ '7.27.1' ],
70 silly audit   '@babel/helper-validator-identifier': [ '7.28.5' ],
70 silly audit   '@babel/helper-validator-option': [ '7.27.1' ],
70 silly audit   '@babel/helper-wrap-function': [ '7.28.6' ],
70 silly audit   '@babel/helpers': [ '7.29.2' ],
70 silly audit   '@babel/parser': [ '7.29.2' ],
70 silly audit   '@babel/plugin-bugfix-firefox-class-in-computed-class-key': [ '7.28.5' ],
70 silly audit   '@babel/plugin-bugfix-safari-class-field-initializer-scope': [ '7.27.1' ],
70 silly audit   '@babel/plugin-bugfix-safari-id-destructuring-collision-in-function-expression': [ '7.27.1' ],
70 silly audit   '@babel/plugin-bugfix-v8-spread-parameters-in-optional-chaining': [ '7.27.1' ],
70 silly audit   '@babel/plugin-bugfix-v8-static-class-fields-redefine-readonly': [ '7.28.6' ],
70 silly audit   '@babel/plugin-proposal-class-properties': [ '7.18.6' ],
70 silly audit   '@babel/plugin-proposal-decorators': [ '7.29.0' ],
70 silly audit   '@babel/plugin-proposal-nullish-coalescing-operator': [ '7.18.6' ],
70 silly audit   '@babel/plugin-proposal-numeric-separator': [ '7.18.6' ],
70 silly audit   '@babel/plugin-proposal-optional-chaining': [ '7.21.0' ],
70 silly audit   '@babel/plugin-proposal-private-methods': [ '7.18.6' ],
70 silly audit   '@babel/plugin-proposal-private-property-in-object': [ '7.21.0-placeholder-for-preset-env.2', '7.21.11' ],
70 silly audit   '@babel/plugin-syntax-async-generators': [ '7.8.4' ],
70 silly audit   '@babel/plugin-syntax-bigint': [ '7.8.3' ],
70 silly audit   '@babel/plugin-syntax-class-properties': [ '7.12.13' ],
70 silly audit   '@babel/plugin-syntax-class-static-block': [ '7.14.5' ],
70 silly audit   '@babel/plugin-syntax-decorators': [ '7.28.6' ],
70 silly audit   '@babel/plugin-syntax-flow': [ '7.28.6' ],
70 silly audit   '@babel/plugin-syntax-import-assertions': [ '7.28.6' ],
70 silly audit   '@babel/plugin-syntax-import-attributes': [ '7.28.6' ],
70 silly audit   '@babel/plugin-syntax-import-meta': [ '7.10.4' ],
70 silly audit   '@babel/plugin-syntax-json-strings': [ '7.8.3' ],
70 silly audit   '@babel/plugin-syntax-jsx': [ '7.28.6' ],
70 silly audit   '@babel/plugin-syntax-logical-assignment-operators': [ '7.10.4' ],
70 silly audit   '@babel/plugin-syntax-nullish-coalescing-operator': [ '7.8.3' ],
70 silly audit   '@babel/plugin-syntax-numeric-separator': [ '7.10.4' ],
70 silly audit   '@babel/plugin-syntax-object-rest-spread': [ '7.8.3' ],
70 silly audit   '@babel/plugin-syntax-optional-catch-binding': [ '7.8.3' ],
70 silly audit   '@babel/plugin-syntax-optional-chaining': [ '7.8.3' ],
70 silly audit   '@babel/plugin-syntax-private-property-in-object': [ '7.14.5' ],
70 silly audit   '@babel/plugin-syntax-top-level-await': [ '7.14.5' ],
70 silly audit   '@babel/plugin-syntax-typescript': [ '7.28.6' ],
70 silly audit   '@babel/plugin-syntax-unicode-sets-regex': [ '7.18.6' ],
70 silly audit   '@babel/plugin-transform-arrow-functions': [ '7.27.1' ],
70 silly audit   '@babel/plugin-transform-async-generator-functions': [ '7.29.0' ],
70 silly audit   '@babel/plugin-transform-async-to-generator': [ '7.28.6' ],
70 silly audit   '@babel/plugin-transform-block-scoped-functions': [ '7.27.1' ],
70 silly audit   '@babel/plugin-transform-block-scoping': [ '7.28.6' ],
70 silly audit   '@babel/plugin-transform-class-properties': [ '7.28.6' ],
70 silly audit   '@babel/plugin-transform-class-static-block': [ '7.28.6' ],
70 silly audit   '@babel/plugin-transform-classes': [ '7.28.6' ],
70 silly audit   '@babel/plugin-transform-computed-properties': [ '7.28.6' ],
70 silly audit   '@babel/plugin-transform-destructuring': [ '7.28.5' ],
70 silly audit   '@babel/plugin-transform-dotall-regex': [ '7.28.6' ],
70 silly audit   '@babel/plugin-transform-duplicate-keys': [ '7.27.1' ],
70 silly audit   '@babel/plugin-transform-duplicate-named-capturing-groups-regex': [ '7.29.0' ],
70 silly audit   '@babel/plugin-transform-dynamic-import': [ '7.27.1' ],
70 silly audit   '@babel/plugin-transform-explicit-resource-management': [ '7.28.6' ],
70 silly audit   '@babel/plugin-transform-exponentiation-operator': [ '7.28.6' ],
70 silly audit   '@babel/plugin-transform-export-namespace-from': [ '7.27.1' ],
70 silly audit   '@babel/plugin-transform-flow-strip-types': [ '7.27.1' ],
70 silly audit   '@babel/plugin-transform-for-of': [ '7.27.1' ],
70 silly audit   '@babel/plugin-transform-function-name': [ '7.27.1' ],
70 silly audit   '@babel/plugin-transform-json-strings': [ '7.28.6' ],
70 silly audit   '@babel/plugin-transform-literals': [ '7.27.1' ],
70 silly audit   '@babel/plugin-transform-logical-assignment-operators': [ '7.28.6' ],
70 silly audit   '@babel/plugin-transform-member-expression-literals': [ '7.27.1' ],
70 silly audit   '@babel/plugin-transform-modules-amd': [ '7.27.1' ],
70 silly audit   '@babel/plugin-transform-modules-commonjs': [ '7.28.6' ],
70 silly audit   '@babel/plugin-transform-modules-systemjs': [ '7.29.0' ],
70 silly audit   '@babel/plugin-transform-modules-umd': [ '7.27.1' ],
70 silly audit   '@babel/plugin-transform-named-capturing-groups-regex': [ '7.29.0' ],
70 silly audit   '@babel/plugin-transform-new-target': [ '7.27.1' ],
70 silly audit   '@babel/plugin-transform-nullish-coalescing-operator': [ '7.28.6' ],
70 silly audit   '@babel/plugin-transform-numeric-separator': [ '7.28.6' ],
70 silly audit   '@babel/plugin-transform-object-rest-spread': [ '7.28.6' ],
70 silly audit   '@babel/plugin-transform-object-super': [ '7.27.1' ],
70 silly audit   '@babel/plugin-transform-optional-catch-binding': [ '7.28.6' ],
70 silly audit   '@babel/plugin-transform-optional-chaining': [ '7.28.6' ],
70 silly audit   '@babel/plugin-transform-parameters': [ '7.27.7' ],
70 silly audit   '@babel/plugin-transform-private-methods': [ '7.28.6' ],
70 silly audit   '@babel/plugin-transform-private-property-in-object': [ '7.28.6' ],
70 silly audit   '@babel/plugin-transform-property-literals': [ '7.27.1' ],
70 silly audit   '@babel/plugin-transform-react-constant-elements': [ '7.27.1' ],
70 silly audit   '@babel/plugin-transform-react-display-name': [ '7.28.0' ],
70 silly audit   '@babel/plugin-transform-react-jsx': [ '7.28.6' ],
70 silly audit   '@babel/plugin-transform-react-jsx-development': [ '7.27.1' ],
70 silly audit   '@babel/plugin-transform-react-pure-annotations': [ '7.27.1' ],
70 silly audit   '@babel/plugin-transform-regenerator': [ '7.29.0' ],
70 silly audit   '@babel/plugin-transform-regexp-modifiers': [ '7.28.6' ],
70 silly audit   '@babel/plugin-transform-reserved-words': [ '7.27.1' ],
70 silly audit   '@babel/plugin-transform-runtime': [ '7.29.0' ],
70 silly audit   'babel-plugin-polyfill-corejs3': [ '0.13.0', '0.14.2' ],
70 silly audit   '@babel/plugin-transform-shorthand-properties': [ '7.27.1' ],
70 silly audit   '@babel/plugin-transform-spread': [ '7.28.6' ],
70 silly audit   '@babel/plugin-transform-sticky-regex': [ '7.27.1' ],
70 silly audit   '@babel/plugin-transform-template-literals': [ '7.27.1' ],
70 silly audit   '@babel/plugin-transform-typeof-symbol': [ '7.27.1' ],
70 silly audit   '@babel/plugin-transform-typescript': [ '7.28.6' ],
70 silly audit   '@babel/plugin-transform-unicode-escapes': [ '7.27.1' ],
70 silly audit   '@babel/plugin-transform-unicode-property-regex': [ '7.28.6' ],
70 silly audit   '@babel/plugin-transform-unicode-regex': [ '7.27.1' ],
70 silly audit   '@babel/plugin-transform-unicode-sets-regex': [ '7.28.6' ],
70 silly audit   '@babel/preset-env': [ '7.29.2' ],
70 silly audit   '@babel/preset-modules': [ '0.1.6-no-external-plugins' ],
70 silly audit   '@babel/preset-react': [ '7.28.5' ],
70 silly audit   '@babel/preset-typescript': [ '7.28.5' ],
70 silly audit   '@babel/runtime': [ '7.29.2' ],
70 silly audit   '@babel/template': [ '7.28.6' ],
70 silly audit   '@babel/traverse': [ '7.29.0' ],
70 silly audit   '@babel/types': [ '7.29.0' ],
70 silly audit   '@bcoe/v8-coverage': [ '0.2.3' ],
70 silly audit   '@csstools/normalize.css': [ '12.1.1' ],
70 silly audit   '@csstools/postcss-cascade-layers': [ '1.1.1' ],
70 silly audit   '@csstools/postcss-color-function': [ '1.1.1' ],
70 silly audit   '@csstools/postcss-font-format-keywords': [ '1.0.1' ],
70 silly audit   '@csstools/postcss-hwb-function': [ '1.0.2' ],
70 silly audit   '@csstools/postcss-ic-unit': [ '1.0.1' ],
70 silly audit   '@csstools/postcss-is-pseudo-class': [ '2.0.7' ],
70 silly audit   '@csstools/postcss-nested-calc': [ '1.0.0' ],
70 silly audit   '@csstools/postcss-normalize-display-values': [ '1.0.1' ],
70 silly audit   '@csstools/postcss-oklab-function': [ '1.1.1' ],
70 silly audit   '@csstools/postcss-progressive-custom-properties': [ '1.3.0' ],
70 silly audit   '@csstools/postcss-stepped-value-functions': [ '1.0.1' ],
70 silly audit   '@csstools/postcss-text-decoration-shorthand': [ '1.0.0' ],
70 silly audit   '@csstools/postcss-trigonometric-functions': [ '1.0.2' ],
70 silly audit   '@csstools/postcss-unset-value': [ '1.0.2' ],
70 silly audit   '@csstools/selector-specificity': [ '2.2.0' ],
70 silly audit   '@date-fns/tz': [ '1.4.1' ],
70 silly audit   '@eslint-community/eslint-utils': [ '4.9.1' ],
70 silly audit   '@eslint-community/regexpp': [ '4.12.2' ],
70 silly audit   '@eslint/eslintrc': [ '2.1.4' ],
70 silly audit   argparse: [ '2.0.1', '1.0.10' ],
70 silly audit   'js-yaml': [ '4.1.1', '3.14.2' ],
70 silly audit   '@eslint/js': [ '8.57.1' ],
70 silly audit   '@floating-ui/core': [ '1.7.5' ],
70 silly audit   '@floating-ui/dom': [ '1.7.6' ],
70 silly audit   '@floating-ui/react-dom': [ '2.1.8' ],
70 silly audit   '@floating-ui/utils': [ '0.2.11' ],
70 silly audit   '@humanwhocodes/config-array': [ '0.13.0' ],
70 silly audit   '@humanwhocodes/module-importer': [ '1.0.1' ],
70 silly audit   '@humanwhocodes/object-schema': [ '2.0.3' ],
70 silly audit   '@istanbuljs/load-nyc-config': [ '1.1.0' ],
70 silly audit   camelcase: [ '5.3.1', '6.3.0' ],
70 silly audit   '@istanbuljs/schema': [ '0.1.3' ],
70 silly audit   '@jest/console': [ '27.5.1', '28.1.3' ],
70 silly audit   '@jest/core': [ '27.5.1' ],
70 silly audit   '@jest/environment': [ '27.5.1' ],
70 silly audit   '@jest/fake-timers': [ '27.5.1' ],
70 silly audit   '@jest/globals': [ '27.5.1' ],
70 silly audit   '@jest/reporters': [ '27.5.1' ],
70 silly audit   'source-map': [ '0.6.1', '0.7.6', '0.8.0-beta.0' ],
70 silly audit   '@jest/schemas': [ '28.1.3' ],
70 silly audit   '@jest/source-map': [ '27.5.1' ],
70 silly audit   '@jest/test-result': [ '27.5.1', '28.1.3' ],
70 silly audit   '@jest/test-sequencer': [ '27.5.1' ],
70 silly audit   '@jest/transform': [ '27.5.1' ],
70 silly audit   'convert-source-map': [ '1.9.0', '2.0.0' ],
70 silly audit   '@jest/types': [ '27.5.1', '28.1.3' ],
70 silly audit   '@jridgewell/gen-mapping': [ '0.3.13' ],
70 silly audit   '@jridgewell/remapping': [ '2.3.5' ],
70 silly audit   '@jridgewell/resolve-uri': [ '3.1.2' ],
70 silly audit   '@jridgewell/source-map': [ '0.3.11' ],
70 silly audit   '@jridgewell/sourcemap-codec': [ '1.5.5' ],
70 silly audit   '@jridgewell/trace-mapping': [ '0.3.31' ],
70 silly audit   '@leichtgewicht/ip-codec': [ '2.0.5' ],
70 silly audit   '@nicolo-ribaudo/eslint-scope-5-internals': [ '5.1.1-v1' ],
70 silly audit   'eslint-scope': [ '5.1.1', '7.2.2' ],
70 silly audit   estraverse: [ '4.3.0', '5.3.0' ],
70 silly audit   '@nodelib/fs.scandir': [ '2.1.5' ],
70 silly audit   '@nodelib/fs.stat': [ '2.0.5' ],
70 silly audit   '@nodelib/fs.walk': [ '1.2.8' ],
70 silly audit   '@pmmmwh/react-refresh-webpack-plugin': [ '0.5.17' ],
70 silly audit   '@radix-ui/number': [ '1.1.1' ],
70 silly audit   '@radix-ui/primitive': [ '1.1.3' ],
70 silly audit   '@radix-ui/react-accordion': [ '1.2.12' ],
70 silly audit   '@radix-ui/react-alert-dialog': [ '1.1.15' ],
70 silly audit   '@radix-ui/react-slot': [ '1.2.3', '1.2.4' ],
70 silly audit   '@radix-ui/react-arrow': [ '1.1.7' ],
70 silly audit   '@radix-ui/react-aspect-ratio': [ '1.1.8' ],
70 silly audit   '@radix-ui/react-primitive': [ '2.1.4', '2.1.3' ],
70 silly audit   '@radix-ui/react-avatar': [ '1.1.11' ],
70 silly audit   '@radix-ui/react-context': [ '1.1.3', '1.1.2' ],
70 silly audit   '@radix-ui/react-checkbox': [ '1.3.3' ],
70 silly audit   '@radix-ui/react-collapsible': [ '1.1.12' ],
70 silly audit   '@radix-ui/react-collection': [ '1.1.7' ],
70 silly audit   '@radix-ui/react-compose-refs': [ '1.1.2' ],
70 silly audit   '@radix-ui/react-context-menu': [ '2.2.16' ],
70 silly audit   '@radix-ui/react-dialog': [ '1.1.15' ],
70 silly audit   '@radix-ui/react-direction': [ '1.1.1' ],
70 silly audit   '@radix-ui/react-dismissable-layer': [ '1.1.11' ],
70 silly audit   '@radix-ui/react-dropdown-menu': [ '2.1.16' ],
70 silly audit   '@radix-ui/react-focus-guards': [ '1.1.3' ],
70 silly audit   '@radix-ui/react-focus-scope': [ '1.1.7' ],
70 silly audit   '@radix-ui/react-hover-card': [ '1.1.15' ],
70 silly audit   '@radix-ui/react-id': [ '1.1.1' ],
70 silly audit   '@radix-ui/react-label': [ '2.1.8' ],
70 silly audit   '@radix-ui/react-menu': [ '2.1.16' ],
70 silly audit   '@radix-ui/react-menubar': [ '1.1.16' ],
70 silly audit   '@radix-ui/react-navigation-menu': [ '1.2.14' ],
70 silly audit   '@radix-ui/react-popover': [ '1.1.15' ],
70 silly audit   '@radix-ui/react-popper': [ '1.2.8' ],
70 silly audit   '@radix-ui/react-portal': [ '1.1.9' ],
70 silly audit   '@radix-ui/react-presence': [ '1.1.5' ],
70 silly audit   '@radix-ui/react-progress': [ '1.1.8' ],
70 silly audit   '@radix-ui/react-radio-group': [ '1.3.8' ],
70 silly audit   '@radix-ui/react-roving-focus': [ '1.1.11' ],
70 silly audit   '@radix-ui/react-scroll-area': [ '1.2.10' ],
70 silly audit   '@radix-ui/react-select': [ '2.2.6' ],
70 silly audit   '@radix-ui/react-separator': [ '1.1.8' ],
70 silly audit   '@radix-ui/react-slider': [ '1.3.6' ],
70 silly audit   '@radix-ui/react-switch': [ '1.2.6' ],
70 silly audit   '@radix-ui/react-tabs': [ '1.1.13' ],
70 silly audit   '@radix-ui/react-toggle': [ '1.1.10' ],
70 silly audit   '@radix-ui/react-toggle-group': [ '1.1.11' ],
70 silly audit   '@radix-ui/react-tooltip': [ '1.2.8' ],
70 silly audit   '@radix-ui/react-use-callback-ref': [ '1.1.1' ],
70 silly audit   '@radix-ui/react-use-controllable-state': [ '1.2.2' ],
70 silly audit   '@radix-ui/react-use-effect-event': [ '0.0.2' ],
70 silly audit   '@radix-ui/react-use-escape-keydown': [ '1.1.1' ],
70 silly audit   '@radix-ui/react-use-is-hydrated': [ '0.1.0' ],
70 silly audit   '@radix-ui/react-use-layout-effect': [ '1.1.1' ],
70 silly audit   '@radix-ui/react-use-previous': [ '1.1.1' ],
70 silly audit   '@radix-ui/react-use-rect': [ '1.1.1' ],
70 silly audit   '@radix-ui/react-use-size': [ '1.1.1' ],
70 silly audit   '@radix-ui/react-visually-hidden': [ '1.2.3' ],
70 silly audit   '@radix-ui/rect': [ '1.1.1' ],
70 silly audit   '@reduxjs/toolkit': [ '2.11.2' ],
70 silly audit   immer: [ '11.1.4', '9.0.21', '10.2.0' ],
70 silly audit   '@rollup/plugin-babel': [ '5.3.1' ],
70 silly audit   '@rollup/plugin-node-resolve': [ '11.2.1' ],
70 silly audit   '@rollup/plugin-replace': [ '2.4.2' ],
70 silly audit   '@rollup/pluginutils': [ '3.1.0' ],
70 silly audit   '@types/estree': [ '0.0.39', '1.0.8' ],
70 silly audit   '@rtsao/scc': [ '1.1.0' ],
70 silly audit   '@rushstack/eslint-patch': [ '1.16.1' ],
70 silly audit   '@sinclair/typebox': [ '0.24.51' ],
70 silly audit   '@sinonjs/commons': [ '1.8.6' ],
70 silly audit   '@sinonjs/fake-timers': [ '8.1.0' ],
70 silly audit   '@standard-schema/spec': [ '1.1.0' ],
70 silly audit   '@standard-schema/utils': [ '0.3.0' ],
70 silly audit   '@surma/rollup-plugin-off-main-thread': [ '2.2.3' ],
70 silly audit   '@svgr/babel-plugin-add-jsx-attribute': [ '5.4.0' ],
70 silly audit   '@svgr/babel-plugin-remove-jsx-attribute': [ '5.4.0' ],
70 silly audit   '@svgr/babel-plugin-remove-jsx-empty-expression': [ '5.0.1' ],
70 silly audit   '@svgr/babel-plugin-replace-jsx-attribute-value': [ '5.0.1' ],
70 silly audit   '@svgr/babel-plugin-svg-dynamic-title': [ '5.4.0' ],
70 silly audit   '@svgr/babel-plugin-svg-em-dimensions': [ '5.4.0' ],
70 silly audit   '@svgr/babel-plugin-transform-react-native-svg': [ '5.4.0' ],
70 silly audit   '@svgr/babel-plugin-transform-svg-component': [ '5.5.0' ],
70 silly audit   '@svgr/babel-preset': [ '5.5.0' ],
70 silly audit   '@svgr/core': [ '5.5.0' ],
70 silly audit   '@svgr/hast-util-to-babel-ast': [ '5.5.0' ],
70 silly audit   '@svgr/plugin-jsx': [ '5.5.0' ],
70 silly audit   '@svgr/plugin-svgo': [ '5.5.0' ],
70 silly audit   '@svgr/webpack': [ '5.5.0' ],
70 silly audit   '@tabby_ai/hijri-converter': [ '1.0.5' ],
70 silly audit   '@testing-library/dom': [ '10.4.1' ],
70 silly audit   'aria-query': [ '5.3.0', '5.3.2' ],
70 silly audit   '@testing-library/jest-dom': [ '6.9.1' ],
70 silly audit   'dom-accessibility-api': [ '0.6.3', '0.5.16' ],
70 silly audit   '@testing-library/react': [ '16.3.2' ],
70 silly audit   '@testing-library/user-event': [ '13.5.0' ],
70 silly audit   '@tootallnate/once': [ '1.1.2' ],
70 silly audit   '@types/aria-query': [ '5.0.4' ],
70 silly audit   '@types/babel__core': [ '7.20.5' ],
70 silly audit   '@types/babel__generator': [ '7.27.0' ],
70 silly audit   '@types/babel__template': [ '7.4.4' ],
70 silly audit   '@types/babel__traverse': [ '7.28.0' ],
70 silly audit   '@types/body-parser': [ '1.19.6' ],
70 silly audit   '@types/bonjour': [ '3.5.13' ],
70 silly audit   '@types/connect': [ '3.4.38' ],
70 silly audit   '@types/connect-history-api-fallback': [ '1.5.4' ],
70 silly audit   '@types/d3-array': [ '3.2.2' ],
70 silly audit   '@types/d3-color': [ '3.1.3' ],
70 silly audit   '@types/d3-ease': [ '3.0.2' ],
70 silly audit   '@types/d3-interpolate': [ '3.0.4' ],
70 silly audit   '@types/d3-path': [ '3.1.1' ],
70 silly audit   '@types/d3-scale': [ '4.0.9' ],
70 silly audit   '@types/d3-shape': [ '3.1.8' ],
70 silly audit   '@types/d3-time': [ '3.0.4' ],
70 silly audit   '@types/d3-timer': [ '3.0.2' ],
70 silly audit   '@types/eslint': [ '8.56.12' ],
70 silly audit   '@types/eslint-scope': [ '3.7.7' ],
70 silly audit   '@types/express': [ '4.17.25' ],
70 silly audit   '@types/express-serve-static-core': [ '5.1.1', '4.19.8' ],
70 silly audit   '@types/graceful-fs': [ '4.1.9' ],
70 silly audit   '@types/html-minifier-terser': [ '6.1.0' ],
70 silly audit   '@types/http-errors': [ '2.0.5' ],
70 silly audit   '@types/http-proxy': [ '1.17.17' ],
70 silly audit   '@types/istanbul-lib-coverage': [ '2.0.6' ],
70 silly audit   '@types/istanbul-lib-report': [ '3.0.3' ],
70 silly audit   '@types/istanbul-reports': [ '3.0.4' ],
70 silly audit   '@types/jest': [ '27.5.2' ],
70 silly audit   '@types/json-schema': [ '7.0.15' ],
70 silly audit   '@types/json5': [ '0.0.29' ],
70 silly audit   '@types/mime': [ '1.3.5' ],
70 silly audit   '@types/node': [ '16.18.126' ],
70 silly audit   '@types/node-forge': [ '1.3.14' ],
70 silly audit   '@types/parse-json': [ '4.0.2' ],
70 silly audit   '@types/prettier': [ '2.7.3' ],
70 silly audit   '@types/q': [ '1.5.8' ],
70 silly audit   '@types/qs': [ '6.15.0' ],
70 silly audit   '@types/range-parser': [ '1.2.7' ],
70 silly audit   '@types/react': [ '19.2.14' ],
70 silly audit   '@types/react-dom': [ '19.2.3' ],
70 silly audit   '@types/resolve': [ '1.17.1' ],
70 silly audit   '@types/retry': [ '0.12.0' ],
70 silly audit   '@types/semver': [ '7.7.1' ],
70 silly audit   '@types/send': [ '1.2.1', '0.17.6' ],
70 silly audit   '@types/serve-index': [ '1.9.4' ],
70 silly audit   '@types/serve-static': [ '1.15.10' ],
70 silly audit   '@types/sockjs': [ '0.3.36' ],
70 silly audit   '@types/stack-utils': [ '2.0.3' ],
70 silly audit   '@types/trusted-types': [ '2.0.7' ],
70 silly audit   '@types/use-sync-external-store': [ '0.0.6' ],
70 silly audit   '@types/ws': [ '8.18.1' ],
70 silly audit   '@types/yargs': [ '16.0.11', '17.0.35' ],
70 silly audit   '@types/yargs-parser': [ '21.0.3' ],
70 silly audit   '@typescript-eslint/eslint-plugin': [ '5.62.0' ],
70 silly audit   '@typescript-eslint/experimental-utils': [ '5.62.0' ],
70 silly audit   '@typescript-eslint/parser': [ '5.62.0' ],
70 silly audit   '@typescript-eslint/scope-manager': [ '5.62.0' ],
70 silly audit   '@typescript-eslint/type-utils': [ '5.62.0' ],
70 silly audit   '@typescript-eslint/types': [ '5.62.0' ],
70 silly audit   '@typescript-eslint/typescript-estree': [ '5.62.0' ],
70 silly audit   '@typescript-eslint/utils': [ '5.62.0' ],
70 silly audit   '@typescript-eslint/visitor-keys': [ '5.62.0' ],
70 silly audit   '@ungap/structured-clone': [ '1.3.0' ],
70 silly audit   '@webassemblyjs/ast': [ '1.14.1' ],
70 silly audit   '@webassemblyjs/floating-point-hex-parser': [ '1.13.2' ],
70 silly audit   '@webassemblyjs/helper-api-error': [ '1.13.2' ],
70 silly audit   '@webassemblyjs/helper-buffer': [ '1.14.1' ],
70 silly audit   '@webassemblyjs/helper-numbers': [ '1.13.2' ],
70 silly audit   '@webassemblyjs/helper-wasm-bytecode': [ '1.13.2' ],
70 silly audit   '@webassemblyjs/helper-wasm-section': [ '1.14.1' ],
70 silly audit   '@webassemblyjs/ieee754': [ '1.13.2' ],
70 silly audit   '@webassemblyjs/leb128': [ '1.13.2' ],
70 silly audit   '@webassemblyjs/utf8': [ '1.13.2' ],
70 silly audit   '@webassemblyjs/wasm-edit': [ '1.14.1' ],
70 silly audit   '@webassemblyjs/wasm-gen': [ '1.14.1' ],
70 silly audit   '@webassemblyjs/wasm-opt': [ '1.14.1' ],
70 silly audit   '@webassemblyjs/wasm-parser': [ '1.14.1' ],
70 silly audit   '@webassemblyjs/wast-printer': [ '1.14.1' ],
70 silly audit   '@xtuc/ieee754': [ '1.2.0' ],
70 silly audit   '@xtuc/long': [ '4.2.2' ],
70 silly audit   abab: [ '2.0.6' ],
70 silly audit   accepts: [ '1.3.8' ],
70 silly audit   negotiator: [ '0.6.3', '0.6.4' ],
70 silly audit   acorn: [ '8.16.0', '7.4.1' ],
70 silly audit   'acorn-globals': [ '6.0.0' ],
70 silly audit   'acorn-import-phases': [ '1.0.4' ],
70 silly audit   'acorn-jsx': [ '5.3.2' ],
70 silly audit   'acorn-walk': [ '7.2.0' ],
70 silly audit   address: [ '1.2.2' ],
70 silly audit   'adjust-sourcemap-loader': [ '4.0.0' ],
70 silly audit   'agent-base': [ '6.0.2' ],
70 silly audit   ajv: [ '6.14.0', '8.18.0' ],
70 silly audit   'ajv-formats': [ '2.1.1' ],
70 silly audit   'json-schema-traverse': [ '1.0.0', '0.4.1' ],
70 silly audit   'ajv-keywords': [ '3.5.2', '5.1.0' ],
70 silly audit   'ansi-escapes': [ '4.3.2' ],
70 silly audit   'type-fest': [ '0.21.3', '0.16.0', '0.20.2' ],
70 silly audit   'ansi-html': [ '0.0.9' ],
70 silly audit   'ansi-html-community': [ '0.0.8' ],
70 silly audit   'ansi-regex': [ '5.0.1', '6.2.2' ],
70 silly audit   'ansi-styles': [ '4.3.0', '3.2.1', '5.2.0' ],
70 silly audit   'any-promise': [ '1.3.0' ],
70 silly audit   anymatch: [ '3.1.3' ],
70 silly audit   arg: [ '5.0.2' ],
70 silly audit   'aria-hidden': [ '1.2.6' ],
70 silly audit   'array-buffer-byte-length': [ '1.0.2' ],
70 silly audit   'array-flatten': [ '1.1.1' ],
70 silly audit   'array-includes': [ '3.1.9' ],
70 silly audit   'array-union': [ '2.1.0' ],
70 silly audit   'array.prototype.findlast': [ '1.2.5' ],
70 silly audit   'array.prototype.findlastindex': [ '1.2.6' ],
70 silly audit   'array.prototype.flat': [ '1.3.3' ],
70 silly audit   'array.prototype.flatmap': [ '1.3.3' ],
70 silly audit   'array.prototype.reduce': [ '1.0.8' ],
70 silly audit   'array.prototype.tosorted': [ '1.1.4' ],
70 silly audit   'arraybuffer.prototype.slice': [ '1.0.4' ],
70 silly audit   asap: [ '2.0.6' ],
70 silly audit   'ast-types-flow': [ '0.0.8' ],
70 silly audit   async: [ '3.2.6' ],
70 silly audit   'async-function': [ '1.0.0' ],
70 silly audit   asynckit: [ '0.4.0' ],
70 silly audit   'at-least-node': [ '1.0.0' ],
70 silly audit   autoprefixer: [ '10.4.27' ],
70 silly audit   'available-typed-arrays': [ '1.0.7' ],
70 silly audit   'axe-core': [ '4.11.1' ],
70 silly audit   'axobject-query': [ '4.1.0' ],
70 silly audit   'babel-jest': [ '27.5.1' ],
70 silly audit   'babel-loader': [ '8.4.1' ],
70 silly audit   'schema-utils': [ '2.7.1', '3.3.0', '2.7.0', '4.3.3' ],
70 silly audit   'babel-plugin-istanbul': [ '6.1.1' ],
70 silly audit   'babel-plugin-jest-hoist': [ '27.5.1' ],
70 silly audit   'babel-plugin-macros': [ '3.1.0' ],
70 silly audit   'babel-plugin-named-asset-import': [ '0.3.8' ],
70 silly audit   'babel-plugin-polyfill-corejs2': [ '0.4.17' ],
70 silly audit   'babel-plugin-polyfill-regenerator': [ '0.6.8' ],
70 silly audit   'babel-plugin-transform-react-remove-prop-types': [ '0.4.24' ],
70 silly audit   'babel-preset-current-node-syntax': [ '1.2.0' ],
70 silly audit   'babel-preset-jest': [ '27.5.1' ],
70 silly audit   'babel-preset-react-app': [ '10.1.0' ],
70 silly audit   'balanced-match': [ '1.0.2' ],
70 silly audit   'baseline-browser-mapping': [ '2.10.10' ],
70 silly audit   batch: [ '0.6.1' ],
70 silly audit   bfj: [ '7.1.0' ],
70 silly audit   'big.js': [ '5.2.2' ],
70 silly audit   'binary-extensions': [ '2.3.0' ],
70 silly audit   bluebird: [ '3.7.2' ],
70 silly audit   'body-parser': [ '1.20.4' ],
70 silly audit   debug: [ '2.6.9', '4.4.3', '3.2.7' ],
70 silly audit   'iconv-lite': [ '0.4.24', '0.6.3' ],
70 silly audit   ms: [ '2.0.0', '2.1.3' ],
70 silly audit   'bonjour-service': [ '1.3.0' ],
70 silly audit   boolbase: [ '1.0.0' ],
70 silly audit   'brace-expansion': [ '1.1.12', '2.0.2' ],
70 silly audit   braces: [ '3.0.3' ],
70 silly audit   'browser-process-hrtime': [ '1.0.0' ],
70 silly audit   browserslist: [ '4.28.1' ],
70 silly audit   bser: [ '2.1.1' ],
70 silly audit   'buffer-from': [ '1.1.2' ],
70 silly audit   'builtin-modules': [ '3.3.0' ],
70 silly audit   bytes: [ '3.1.2' ],
70 silly audit   'call-bind': [ '1.0.8' ],
70 silly audit   'call-bind-apply-helpers': [ '1.0.2' ],
70 silly audit   'call-bound': [ '1.0.4' ],
70 silly audit   callsites: [ '3.1.0' ],
70 silly audit   'camel-case': [ '4.1.2' ],
70 silly audit   'camelcase-css': [ '2.0.1' ],
70 silly audit   'caniuse-api': [ '3.0.0' ],
70 silly audit   'caniuse-lite': [ '1.0.30001781' ],
70 silly audit   'case-sensitive-paths-webpack-plugin': [ '2.4.0' ],
70 silly audit   chalk: [ '4.1.2', '2.4.2' ],
70 silly audit   'char-regex': [ '1.0.2', '2.0.2' ],
70 silly audit   'check-types': [ '11.2.3' ],
70 silly audit   chokidar: [ '3.6.0' ],
70 silly audit   'glob-parent': [ '5.1.2', '6.0.2' ],
70 silly audit   'chrome-trace-event': [ '1.0.4' ],
70 silly audit   'ci-info': [ '3.9.0' ],
70 silly audit   'cjs-module-lexer': [ '1.4.3' ],
70 silly audit   'class-variance-authority': [ '0.7.1' ],
70 silly audit   'clean-css': [ '5.3.3' ],
70 silly audit   cliui: [ '7.0.4' ],
70 silly audit   clsx: [ '2.1.1' ],
70 silly audit   cmdk: [ '1.1.1' ],
70 silly audit   co: [ '4.6.0' ],
70 silly audit   coa: [ '2.0.2' ],
70 silly audit   'color-convert': [ '1.9.3', '2.0.1' ],
70 silly audit   'color-name': [ '1.1.3', '1.1.4' ],
70 silly audit   'escape-string-regexp': [ '1.0.5', '4.0.0', '2.0.0' ],
70 silly audit   'has-flag': [ '3.0.0', '4.0.0' ],
70 silly audit   'supports-color': [ '5.5.0', '8.1.1', '7.2.0' ],
70 silly audit   'collect-v8-coverage': [ '1.0.3' ],
70 silly audit   colord: [ '2.9.3' ],
70 silly audit   colorette: [ '2.0.20' ],
70 silly audit   'combined-stream': [ '1.0.8' ],
70 silly audit   commander: [ '8.3.0', '7.2.0', '4.1.1', '2.20.3' ],
70 silly audit   'common-tags': [ '1.8.2' ],
70 silly audit   commondir: [ '1.0.1' ],
70 silly audit   compressible: [ '2.0.18' ],
70 silly audit   compression: [ '1.8.1' ],
70 silly audit   'concat-map': [ '0.0.1' ],
70 silly audit   'confusing-browser-globals': [ '1.0.11' ],
70 silly audit   'connect-history-api-fallback': [ '2.0.0' ],
70 silly audit   'content-disposition': [ '0.5.4' ],
70 silly audit   'content-type': [ '1.0.5' ],
70 silly audit   cookie: [ '0.7.2', '1.1.1' ],
70 silly audit   'cookie-signature': [ '1.0.7' ],
70 silly audit   'core-js': [ '3.49.0' ],
70 silly audit   'core-js-compat': [ '3.49.0' ],
70 silly audit   'core-js-pure': [ '3.49.0' ],
70 silly audit   'core-util-is': [ '1.0.3' ],
70 silly audit   cosmiconfig: [ '7.1.0', '6.0.0' ],
70 silly audit   'cross-spawn': [ '7.0.6' ],
70 silly audit   'crypto-random-string': [ '2.0.0' ],
70 silly audit   'css-blank-pseudo': [ '3.0.3' ],
70 silly audit   'css-declaration-sorter': [ '6.4.1' ],
70 silly audit   'css-has-pseudo': [ '3.0.4' ],
70 silly audit   'css-loader': [ '6.11.0' ],
70 silly audit   'css-minimizer-webpack-plugin': [ '3.4.1' ],
70 silly audit   'css-prefers-color-scheme': [ '6.0.3' ],
70 silly audit   'css-select': [ '4.3.0', '2.1.0' ],
70 silly audit   'css-select-base-adapter': [ '0.1.1' ],
70 silly audit   'css-tree': [ '1.0.0-alpha.37', '1.1.3' ],
70 silly audit   'css-what': [ '6.2.2', '3.4.2' ],
70 silly audit   'css.escape': [ '1.5.1' ],
70 silly audit   cssdb: [ '7.11.2' ],
70 silly audit   cssesc: [ '3.0.0' ],
70 silly audit   cssnano: [ '5.1.15' ],
70 silly audit   'cssnano-preset-default': [ '5.2.14' ],
70 silly audit   'cssnano-utils': [ '3.1.0' ],
70 silly audit   csso: [ '4.2.0' ],
70 silly audit   'mdn-data': [ '2.0.14', '2.0.4' ],
70 silly audit   cssom: [ '0.4.4', '0.3.8' ],
70 silly audit   cssstyle: [ '2.3.0' ],
70 silly audit   csstype: [ '3.2.3' ],
70 silly audit   'd3-array': [ '3.2.4' ],
70 silly audit   'd3-color': [ '3.1.0' ],
70 silly audit   'd3-ease': [ '3.0.1' ],
70 silly audit   'd3-format': [ '3.1.2' ],
70 silly audit   'd3-interpolate': [ '3.0.1' ],
70 silly audit   'd3-path': [ '3.1.0' ],
70 silly audit   'd3-scale': [ '4.0.2' ],
70 silly audit   'd3-shape': [ '3.2.0' ],
70 silly audit   'd3-time': [ '3.1.0' ],
70 silly audit   'd3-time-format': [ '4.1.0' ],
70 silly audit   'd3-timer': [ '3.0.1' ],
70 silly audit   'damerau-levenshtein': [ '1.0.8' ],
70 silly audit   'data-urls': [ '2.0.0' ],
70 silly audit   'data-view-buffer': [ '1.0.2' ],
70 silly audit   'data-view-byte-length': [ '1.0.2' ],
70 silly audit   'data-view-byte-offset': [ '1.0.1' ],
70 silly audit   'date-fns': [ '4.1.0' ],
70 silly audit   'date-fns-jalali': [ '4.1.0-0' ],
70 silly audit   'decimal.js': [ '10.6.0' ],
70 silly audit   'decimal.js-light': [ '2.5.1' ],
70 silly audit   dedent: [ '0.7.0' ],
70 silly audit   'deep-is': [ '0.1.4' ],
70 silly audit   deepmerge: [ '4.3.1' ],
70 silly audit   'default-gateway': [ '6.0.3' ],
70 silly audit   'define-data-property': [ '1.1.4' ],
70 silly audit   'define-lazy-prop': [ '2.0.0' ],
70 silly audit   'define-properties': [ '1.2.1' ],
70 silly audit   'delayed-stream': [ '1.0.0' ],
70 silly audit   depd: [ '2.0.0', '1.1.2' ],
70 silly audit   dequal: [ '2.0.3' ],
70 silly audit   destroy: [ '1.2.0' ],
70 silly audit   'detect-newline': [ '3.1.0' ],
70 silly audit   'detect-node': [ '2.1.0' ],
70 silly audit   'detect-node-es': [ '1.1.0' ],
70 silly audit   'detect-port-alt': [ '1.1.6' ],
70 silly audit   didyoumean: [ '1.2.2' ],
70 silly audit   'diff-sequences': [ '27.5.1' ],
70 silly audit   'dir-glob': [ '3.0.1' ],
70 silly audit   dlv: [ '1.1.3' ],
70 silly audit   'dns-packet': [ '5.6.1' ],
70 silly audit   doctrine: [ '3.0.0', '2.1.0' ],
70 silly audit   'dom-converter': [ '0.2.0' ],
70 silly audit   'dom-serializer': [ '1.4.1', '0.2.2' ],
70 silly audit   domelementtype: [ '2.3.0', '1.3.1' ],
70 silly audit   domexception: [ '2.0.1' ],
70 silly audit   'webidl-conversions': [ '5.0.0', '6.1.0', '4.0.2' ],
70 silly audit   domhandler: [ '4.3.1' ],
70 silly audit   domutils: [ '2.8.0', '1.7.0' ],
70 silly audit   'dot-case': [ '3.0.4' ],
70 silly audit   dotenv: [ '10.0.0' ],
70 silly audit   'dotenv-expand': [ '5.1.0' ],
70 silly audit   'dunder-proto': [ '1.0.1' ],
70 silly audit   duplexer: [ '0.1.2' ],
70 silly audit   'ee-first': [ '1.1.1' ],
70 silly audit   ejs: [ '3.1.10' ],
70 silly audit   'electron-to-chromium': [ '1.5.322' ],
70 silly audit   'embla-carousel': [ '8.6.0' ],
70 silly audit   'embla-carousel-react': [ '8.6.0' ],
70 silly audit   'embla-carousel-reactive-utils': [ '8.6.0' ],
70 silly audit   emittery: [ '0.8.1', '0.10.2' ],
70 silly audit   'emoji-regex': [ '9.2.2', '8.0.0' ],
70 silly audit   'emojis-list': [ '3.0.0' ],
70 silly audit   encodeurl: [ '2.0.0' ],
70 silly audit   'enhanced-resolve': [ '5.20.1' ],
70 silly audit   entities: [ '2.2.0' ],
70 silly audit   'error-ex': [ '1.3.4' ],
70 silly audit   'error-stack-parser': [ '2.1.4' ],
70 silly audit   'es-abstract': [ '1.24.1' ],
70 silly audit   'es-array-method-boxes-properly': [ '1.0.0' ],
70 silly audit   'es-define-property': [ '1.0.1' ],
70 silly audit   'es-errors': [ '1.3.0' ],
70 silly audit   'es-iterator-helpers': [ '1.3.1' ],
70 silly audit   'es-module-lexer': [ '2.0.0' ],
70 silly audit   'es-object-atoms': [ '1.1.1' ],
70 silly audit   'es-set-tostringtag': [ '2.1.0' ],
70 silly audit   'es-shim-unscopables': [ '1.1.0' ],
70 silly audit   'es-to-primitive': [ '1.3.0' ],
70 silly audit   'es-toolkit': [ '1.46.0' ],
70 silly audit   escalade: [ '3.2.0' ],
70 silly audit   'escape-html': [ '1.0.3' ],
70 silly audit   escodegen: [ '2.1.0' ],
70 silly audit   eslint: [ '8.57.1' ],
70 silly audit   'eslint-config-react-app': [ '7.0.1' ],
70 silly audit   'eslint-import-resolver-node': [ '0.3.9' ],
70 silly audit   'eslint-module-utils': [ '2.12.1' ],
70 silly audit   'eslint-plugin-flowtype': [ '8.0.3' ],
70 silly audit   'eslint-plugin-import': [ '2.32.0' ],
70 silly audit   'eslint-plugin-jest': [ '25.7.0' ],
70 silly audit   'eslint-plugin-jsx-a11y': [ '6.10.2' ],
70 silly audit   'eslint-plugin-react': [ '7.37.5' ],
70 silly audit   'eslint-plugin-react-hooks': [ '4.6.2' ],
70 silly audit   resolve: [ '2.0.0-next.6', '1.22.11' ],
70 silly audit   'eslint-plugin-testing-library': [ '5.11.1' ],
70 silly audit   'eslint-webpack-plugin': [ '3.2.0' ],
70 silly audit   'jest-worker': [ '28.1.3', '27.5.1', '26.6.2' ],
70 silly audit   'find-up': [ '5.0.0', '4.1.0', '3.0.0' ],
70 silly audit   'locate-path': [ '6.0.0', '5.0.0', '3.0.0' ],
70 silly audit   'p-limit': [ '3.1.0', '2.3.0' ],
70 silly audit   'p-locate': [ '5.0.0', '4.1.0', '3.0.0' ],
70 silly audit   espree: [ '9.6.1' ],
70 silly audit   esprima: [ '4.0.1', '1.2.5' ],
70 silly audit   esquery: [ '1.7.0' ],
70 silly audit   esrecurse: [ '4.3.0' ],
70 silly audit   'estree-walker': [ '1.0.1' ],
70 silly audit   esutils: [ '2.0.3' ],
70 silly audit   etag: [ '1.8.1' ],
70 silly audit   eventemitter3: [ '4.0.7', '5.0.4' ],
70 silly audit   events: [ '3.3.0' ],
70 silly audit   execa: [ '5.1.1' ],
70 silly audit   exit: [ '0.1.2' ],
70 silly audit   expect: [ '27.5.1' ],
70 silly audit   express: [ '4.22.1' ],
70 silly audit   'fast-deep-equal': [ '3.1.3' ],
70 silly audit   'fast-glob': [ '3.3.3' ],
70 silly audit   'fast-json-stable-stringify': [ '2.1.0' ],
70 silly audit   'fast-levenshtein': [ '2.0.6' ],
70 silly audit   'fast-uri': [ '3.1.0' ],
70 silly audit   fastq: [ '1.20.1' ],
70 silly audit   'faye-websocket': [ '0.11.4' ],
70 silly audit   'fb-watchman': [ '2.0.2' ],
70 silly audit   'file-entry-cache': [ '6.0.1' ],
70 silly audit   'file-loader': [ '6.2.0' ],
70 silly audit   filelist: [ '1.0.6' ],
70 silly audit   minimatch: [ '5.1.9', '3.1.5' ],
70 silly audit   filesize: [ '8.0.7' ],
70 silly audit   'fill-range': [ '7.1.1' ],
70 silly audit   finalhandler: [ '1.3.2' ],
70 silly audit   'find-cache-dir': [ '3.3.2' ],
70 silly audit   'flat-cache': [ '3.2.0' ],
70 silly audit   flatted: [ '3.4.2' ],
70 silly audit   'follow-redirects': [ '1.15.11' ],
70 silly audit   'for-each': [ '0.3.5' ],
70 silly audit   'fork-ts-checker-webpack-plugin': [ '6.5.3' ],
70 silly audit   'fs-extra': [ '9.1.0', '10.1.0' ],
70 silly audit   tapable: [ '1.1.3', '2.3.2' ],
70 silly audit   'form-data': [ '3.0.4' ],
70 silly audit   forwarded: [ '0.2.0' ],
70 silly audit   'fraction.js': [ '5.3.4' ],
70 silly audit   fresh: [ '0.5.2' ],
70 silly audit   'fs-monkey': [ '1.1.0' ],
70 silly audit   'fs.realpath': [ '1.0.0' ],
70 silly audit   fsevents: [ '2.3.3' ],
70 silly audit   'function-bind': [ '1.1.2' ],
70 silly audit   'function.prototype.name': [ '1.1.8' ],
70 silly audit   'functions-have-names': [ '1.2.3' ],
70 silly audit   'generator-function': [ '2.0.1' ],
70 silly audit   gensync: [ '1.0.0-beta.2' ],
70 silly audit   'get-caller-file': [ '2.0.5' ],
70 silly audit   'get-intrinsic': [ '1.3.0' ],
70 silly audit   'get-nonce': [ '1.0.1' ],
70 silly audit   'get-own-enumerable-property-symbols': [ '3.0.2' ],
70 silly audit   'get-package-type': [ '0.1.0' ],
70 silly audit   'get-proto': [ '1.0.1' ],
70 silly audit   'get-stream': [ '6.0.1' ],
70 silly audit   'get-symbol-description': [ '1.1.0' ],
70 silly audit   glob: [ '7.2.3' ],
70 silly audit   'glob-to-regexp': [ '0.4.1' ],
70 silly audit   'global-modules': [ '2.0.0' ],
70 silly audit   'global-prefix': [ '3.0.0' ],
70 silly audit   which: [ '1.3.1', '2.0.2' ],
70 silly audit   globals: [ '13.24.0' ],
70 silly audit   globalthis: [ '1.0.4' ],
70 silly audit   globby: [ '11.1.0' ],
70 silly audit   gopd: [ '1.2.0' ],
70 silly audit   'graceful-fs': [ '4.2.11' ],
70 silly audit   graphemer: [ '1.4.0' ],
70 silly audit   'gzip-size': [ '6.0.0' ],
70 silly audit   'handle-thing': [ '2.0.1' ],
70 silly audit   'harmony-reflect': [ '1.6.2' ],
70 silly audit   'has-bigints': [ '1.1.0' ],
70 silly audit   'has-property-descriptors': [ '1.0.2' ],
70 silly audit   'has-proto': [ '1.2.0' ],
70 silly audit   'has-symbols': [ '1.1.0' ],
70 silly audit   'has-tostringtag': [ '1.0.2' ],
70 silly audit   hasown: [ '2.0.2' ],
70 silly audit   he: [ '1.2.0' ],
70 silly audit   hoopy: [ '0.1.4' ],
70 silly audit   'hpack.js': [ '2.1.6' ],
70 silly audit   isarray: [ '1.0.0', '2.0.5' ],
70 silly audit   'readable-stream': [ '2.3.8', '3.6.2' ],
70 silly audit   'safe-buffer': [ '5.1.2', '5.2.1' ],
70 silly audit   string_decoder: [ '1.1.1', '1.3.0' ],
70 silly audit   'html-encoding-sniffer': [ '2.0.1' ],
70 silly audit   'html-entities': [ '2.6.0' ],
70 silly audit   'html-escaper': [ '2.0.2' ],
70 silly audit   'html-minifier-terser': [ '6.1.0' ],
70 silly audit   'html-webpack-plugin': [ '5.6.6' ],
70 silly audit   htmlparser2: [ '6.1.0' ],
70 silly audit   'http-deceiver': [ '1.2.7' ],
70 silly audit   'http-errors': [ '2.0.1', '1.8.1' ],
70 silly audit   'http-parser-js': [ '0.5.10' ],
70 silly audit   'http-proxy': [ '1.18.1' ],
70 silly audit   'http-proxy-agent': [ '4.0.1' ],
70 silly audit   'http-proxy-middleware': [ '2.0.9' ],
70 silly audit   'https-proxy-agent': [ '5.0.1' ],
70 silly audit   'human-signals': [ '2.1.0' ],
70 silly audit   'icss-utils': [ '5.1.0' ],
70 silly audit   idb: [ '7.1.1' ],
70 silly audit   'identity-obj-proxy': [ '3.0.0' ],
70 silly audit   ignore: [ '5.3.2' ],
70 silly audit   'import-fresh': [ '3.3.1' ],
70 silly audit   'resolve-from': [ '4.0.0', '5.0.0' ],
70 silly audit   'import-local': [ '3.2.0' ],
70 silly audit   imurmurhash: [ '0.1.4' ],
70 silly audit   'indent-string': [ '4.0.0' ],
70 silly audit   inflight: [ '1.0.6' ],
70 silly audit   inherits: [ '2.0.4' ],
70 silly audit   ini: [ '1.3.8' ],
70 silly audit   'input-otp': [ '1.4.2' ],
70 silly audit   'internal-slot': [ '1.1.0' ],
70 silly audit   internmap: [ '2.0.3' ],
70 silly audit   'ipaddr.js': [ '2.3.0', '1.9.1' ],
70 silly audit   'is-array-buffer': [ '3.0.5' ],
70 silly audit   'is-arrayish': [ '0.2.1' ],
70 silly audit   'is-async-function': [ '2.1.1' ],
70 silly audit   'is-bigint': [ '1.1.0' ],
70 silly audit   'is-binary-path': [ '2.1.0' ],
70 silly audit   'is-boolean-object': [ '1.2.2' ],
70 silly audit   'is-callable': [ '1.2.7' ],
70 silly audit   'is-core-module': [ '2.16.1' ],
70 silly audit   'is-data-view': [ '1.0.2' ],
70 silly audit   'is-date-object': [ '1.1.0' ],
70 silly audit   'is-docker': [ '2.2.1' ],
70 silly audit   'is-extglob': [ '2.1.1' ],
70 silly audit   'is-finalizationregistry': [ '1.1.1' ],
70 silly audit   'is-fullwidth-code-point': [ '3.0.0' ],
70 silly audit   'is-generator-fn': [ '2.1.0' ],
70 silly audit   'is-generator-function': [ '1.1.2' ],
70 silly audit   'is-glob': [ '4.0.3' ],
70 silly audit   'is-map': [ '2.0.3' ],
70 silly audit   'is-module': [ '1.0.0' ],
70 silly audit   'is-negative-zero': [ '2.0.3' ],
70 silly audit   'is-number': [ '7.0.0' ],
70 silly audit   'is-number-object': [ '1.1.1' ],
70 silly audit   'is-obj': [ '1.0.1' ],
70 silly audit   'is-path-inside': [ '3.0.3' ],
70 silly audit   'is-plain-obj': [ '3.0.0' ],
70 silly audit   'is-potential-custom-element-name': [ '1.0.1' ],
70 silly audit   'is-regex': [ '1.2.1' ],
70 silly audit   'is-regexp': [ '1.0.0' ],
70 silly audit   'is-root': [ '2.1.0' ],
70 silly audit   'is-set': [ '2.0.3' ],
70 silly audit   'is-shared-array-buffer': [ '1.0.4' ],
70 silly audit   'is-stream': [ '2.0.1' ],
70 silly audit   'is-string': [ '1.1.1' ],
70 silly audit   'is-symbol': [ '1.1.1' ],
70 silly audit   'is-typed-array': [ '1.1.15' ],
70 silly audit   'is-typedarray': [ '1.0.0' ],
70 silly audit   'is-weakmap': [ '2.0.2' ],
70 silly audit   'is-weakref': [ '1.1.1' ],
70 silly audit   'is-weakset': [ '2.0.4' ],
70 silly audit   'is-wsl': [ '2.2.0' ],
70 silly audit   isexe: [ '2.0.0' ],
70 silly audit   'istanbul-lib-coverage': [ '3.2.2' ],
70 silly audit   'istanbul-lib-instrument': [ '5.2.1' ],
70 silly audit   'istanbul-lib-report': [ '3.0.1' ],
70 silly audit   'make-dir': [ '4.0.0', '3.1.0' ],
70 silly audit   'istanbul-lib-source-maps': [ '4.0.1' ],
70 silly audit   'istanbul-reports': [ '3.2.0' ],
70 silly audit   'iterator.prototype': [ '1.1.5' ],
70 silly audit   jake: [ '10.9.4' ],
70 silly audit   jest: [ '27.5.1' ],
70 silly audit   'jest-changed-files': [ '27.5.1' ],
70 silly audit   'jest-circus': [ '27.5.1' ],
70 silly audit   'jest-cli': [ '27.5.1' ],
70 silly audit   'jest-config': [ '27.5.1' ],
70 silly audit   'jest-diff': [ '27.5.1' ],
70 silly audit   'jest-docblock': [ '27.5.1' ],
70 silly audit   'jest-each': [ '27.5.1' ],
70 silly audit   'jest-environment-jsdom': [ '27.5.1' ],
70 silly audit   'jest-environment-node': [ '27.5.1' ],
70 silly audit   'jest-get-type': [ '27.5.1' ],
70 silly audit   'jest-haste-map': [ '27.5.1' ],
70 silly audit   'jest-jasmine2': [ '27.5.1' ],
70 silly audit   'jest-leak-detector': [ '27.5.1' ],
70 silly audit   'jest-matcher-utils': [ '27.5.1' ],
70 silly audit   'jest-message-util': [ '27.5.1', '28.1.3' ],
70 silly audit   'jest-mock': [ '27.5.1' ],
70 silly audit   'jest-pnp-resolver': [ '1.2.3' ],
70 silly audit   'jest-regex-util': [ '27.5.1', '28.0.2' ],
70 silly audit   'jest-resolve': [ '27.5.1' ],
70 silly audit   'jest-resolve-dependencies': [ '27.5.1' ],
70 silly audit   'jest-runner': [ '27.5.1' ],
70 silly audit   'jest-runtime': [ '27.5.1' ],
70 silly audit   'jest-serializer': [ '27.5.1' ],
70 silly audit   'jest-snapshot': [ '27.5.1' ],
70 silly audit   'jest-util': [ '27.5.1', '28.1.3' ],
70 silly audit   'jest-validate': [ '27.5.1' ],
70 silly audit   'jest-watch-typeahead': [ '1.1.0' ],
70 silly audit   slash: [ '3.0.0', '4.0.0' ],
70 silly audit   'jest-watcher': [ '28.1.3', '27.5.1' ],
70 silly audit   'string-length': [ '4.0.2', '5.0.1' ],
70 silly audit   'strip-ansi': [ '6.0.1', '7.2.0' ],
70 silly audit   'pretty-format': [ '28.1.3', '27.5.1' ],
70 silly audit   'react-is': [ '18.3.1', '16.13.1', '17.0.2' ],
70 silly audit   jiti: [ '1.21.7' ],
70 silly audit   'js-tokens': [ '4.0.0' ],
70 silly audit   jsdom: [ '16.7.0' ],
70 silly audit   jsesc: [ '3.1.0' ],
70 silly audit   'json-buffer': [ '3.0.1' ],
70 silly audit   'json-parse-even-better-errors': [ '2.3.1' ],
70 silly audit   'json-schema': [ '0.4.0' ],
70 silly audit   'json-stable-stringify-without-jsonify': [ '1.0.1' ],
70 silly audit   json5: [ '2.2.3', '1.0.2' ],
70 silly audit   jsonfile: [ '6.2.0' ],
70 silly audit   jsonpath: [ '1.3.0' ],
70 silly audit   jsonpointer: [ '5.0.1' ],
70 silly audit   'jsx-ast-utils': [ '3.3.5' ],
70 silly audit   keyv: [ '4.5.4' ],
70 silly audit   'kind-of': [ '6.0.3' ],
70 silly audit   kleur: [ '3.0.3' ],
70 silly audit   klona: [ '2.0.6' ],
70 silly audit   'language-subtag-registry': [ '0.3.23' ],
70 silly audit   'language-tags': [ '1.0.9' ],
70 silly audit   'launch-editor': [ '2.13.2' ],
70 silly audit   leven: [ '3.1.0' ],
70 silly audit   levn: [ '0.4.1' ],
70 silly audit   lilconfig: [ '2.1.0', '3.1.3' ],
70 silly audit   'lines-and-columns': [ '1.2.4' ],
70 silly audit   'loader-runner': [ '4.3.1' ],
70 silly audit   'loader-utils': [ '2.0.4', '3.3.1' ],
70 silly audit   lodash: [ '4.17.23' ],
70 silly audit   'lodash.debounce': [ '4.0.8' ],
70 silly audit   'lodash.memoize': [ '4.1.2' ],
70 silly audit   'lodash.merge': [ '4.6.2' ],
70 silly audit   'lodash.sortby': [ '4.7.0' ],
70 silly audit   'lodash.uniq': [ '4.5.0' ],
70 silly audit   'loose-envify': [ '1.4.0' ],
70 silly audit   'lower-case': [ '2.0.2' ],
70 silly audit   'lru-cache': [ '5.1.1' ],
70 silly audit   'lucide-react': [ '1.8.0' ],
70 silly audit   'lz-string': [ '1.5.0' ],
70 silly audit   'magic-string': [ '0.25.9' ],
70 silly audit   makeerror: [ '1.0.12' ],
70 silly audit   'math-intrinsics': [ '1.1.0' ],
70 silly audit   'media-typer': [ '0.3.0' ],
70 silly audit   memfs: [ '3.5.3' ],
70 silly audit   'merge-descriptors': [ '1.0.3' ],
70 silly audit   'merge-stream': [ '2.0.0' ],
70 silly audit   merge2: [ '1.4.1' ],
70 silly audit   methods: [ '1.1.2' ],
70 silly audit   micromatch: [ '4.0.8' ],
70 silly audit   mime: [ '1.6.0' ],
70 silly audit   'mime-db': [ '1.52.0' ],
70 silly audit   'mime-types': [ '2.1.35' ],
70 silly audit   'mimic-fn': [ '2.1.0' ],
70 silly audit   'min-indent': [ '1.0.1' ],
70 silly audit   'mini-css-extract-plugin': [ '2.10.1' ],
70 silly audit   'minimalistic-assert': [ '1.0.1' ],
70 silly audit   minimist: [ '1.2.8' ],
70 silly audit   mkdirp: [ '0.5.6' ],
70 silly audit   'multicast-dns': [ '7.2.5' ],
70 silly audit   mz: [ '2.7.0' ],
70 silly audit   nanoid: [ '3.3.11' ],
70 silly audit   'natural-compare': [ '1.4.0' ],
70 silly audit   'natural-compare-lite': [ '1.4.0' ],
70 silly audit   'neo-async': [ '2.6.2' ],
70 silly audit   'next-themes': [ '0.4.6' ],
70 silly audit   'no-case': [ '3.0.4' ],
70 silly audit   'node-exports-info': [ '1.6.0' ],
70 silly audit   'node-forge': [ '1.3.3' ],
70 silly audit   'node-int64': [ '0.4.0' ],
70 silly audit   'node-releases': [ '2.0.36' ],
70 silly audit   'normalize-path': [ '3.0.0' ],
70 silly audit   'normalize-url': [ '6.1.0' ],
70 silly audit   'npm-run-path': [ '4.0.1' ],
70 silly audit   'nth-check': [ '2.1.1', '1.0.2' ],
70 silly audit   nwsapi: [ '2.2.23' ],
70 silly audit   'object-assign': [ '4.1.1' ],
70 silly audit   'object-hash': [ '3.0.0' ],
70 silly audit   'object-inspect': [ '1.13.4' ],
70 silly audit   'object-keys': [ '1.1.1' ],
70 silly audit   'object.assign': [ '4.1.7' ],
70 silly audit   'object.entries': [ '1.1.9' ],
70 silly audit   'object.fromentries': [ '2.0.8' ],
70 silly audit   'object.getownpropertydescriptors': [ '2.1.9' ],
70 silly audit   'object.groupby': [ '1.0.3' ],
70 silly audit   'object.values': [ '1.2.1' ],
70 silly audit   obuf: [ '1.1.2' ],
70 silly audit   'on-finished': [ '2.4.1' ],
70 silly audit   'on-headers': [ '1.1.0' ],
70 silly audit   once: [ '1.4.0' ],
70 silly audit   onetime: [ '5.1.2' ],
70 silly audit   open: [ '8.4.2' ],
70 silly audit   optionator: [ '0.9.4' ],
70 silly audit   'own-keys': [ '1.0.1' ],
70 silly audit   'p-retry': [ '4.6.2' ],
70 silly audit   'p-try': [ '2.2.0' ],
70 silly audit   'param-case': [ '3.0.4' ],
70 silly audit   'parent-module': [ '1.0.1' ],
70 silly audit   'parse-json': [ '5.2.0' ],
70 silly audit   parse5: [ '6.0.1' ],
70 silly audit   parseurl: [ '1.3.3' ],
70 silly audit   'pascal-case': [ '3.1.2' ],
70 silly audit   'path-exists': [ '4.0.0', '3.0.0' ],
70 silly audit   'path-is-absolute': [ '1.0.1' ],
70 silly audit   'path-key': [ '3.1.1' ],
70 silly audit   'path-parse': [ '1.0.7' ],
70 silly audit   'path-to-regexp': [ '0.1.12' ],
70 silly audit   'path-type': [ '4.0.0' ],
70 silly audit   'performance-now': [ '2.1.0' ],
70 silly audit   picocolors: [ '1.1.1', '0.2.1' ],
70 silly audit   picomatch: [ '2.3.2', '4.0.4' ],
70 silly audit   pify: [ '2.3.0' ],
70 silly audit   pirates: [ '4.0.7' ],
70 silly audit   'pkg-dir': [ '4.2.0' ],
70 silly audit   'pkg-up': [ '3.1.0' ],
70 silly audit   'possible-typed-array-names': [ '1.1.0' ],
70 silly audit   postcss: [ '8.5.8', '7.0.39' ],
70 silly audit   'postcss-attribute-case-insensitive': [ '5.0.2' ],
70 silly audit   'postcss-browser-comments': [ '4.0.0' ],
70 silly audit   'postcss-calc': [ '8.2.4' ],
70 silly audit   'postcss-clamp': [ '4.1.0' ],
70 silly audit   'postcss-color-functional-notation': [ '4.2.4' ],
70 silly audit   'postcss-color-hex-alpha': [ '8.0.4' ],
70 silly audit   'postcss-color-rebeccapurple': [ '7.1.1' ],
70 silly audit   'postcss-colormin': [ '5.3.1' ],
70 silly audit   'postcss-convert-values': [ '5.1.3' ],
70 silly audit   'postcss-custom-media': [ '8.0.2' ],
70 silly audit   'postcss-custom-properties': [ '12.1.11' ],
70 silly audit   'postcss-custom-selectors': [ '6.0.3' ],
70 silly audit   'postcss-dir-pseudo-class': [ '6.0.5' ],
70 silly audit   'postcss-discard-comments': [ '5.1.2' ],
70 silly audit   'postcss-discard-duplicates': [ '5.1.0' ],
70 silly audit   'postcss-discard-empty': [ '5.1.1' ],
70 silly audit   'postcss-discard-overridden': [ '5.1.0' ],
70 silly audit   'postcss-double-position-gradients': [ '3.1.2' ],
70 silly audit   'postcss-env-function': [ '4.0.6' ],
70 silly audit   'postcss-flexbugs-fixes': [ '5.0.2' ],
70 silly audit   'postcss-focus-visible': [ '6.0.4' ],
70 silly audit   'postcss-focus-within': [ '5.0.4' ],
70 silly audit   'postcss-font-variant': [ '5.0.0' ],
70 silly audit   'postcss-gap-properties': [ '3.0.5' ],
70 silly audit   'postcss-image-set-function': [ '4.0.7' ],
70 silly audit   'postcss-import': [ '15.1.0' ],
70 silly audit   'postcss-initial': [ '4.0.1' ],
70 silly audit   'postcss-js': [ '4.1.0' ],
70 silly audit   'postcss-lab-function': [ '4.2.1' ],
70 silly audit   'postcss-loader': [ '6.2.1' ],
70 silly audit   'postcss-logical': [ '5.0.4' ],
70 silly audit   'postcss-media-minmax': [ '5.0.0' ],
70 silly audit   'postcss-merge-longhand': [ '5.1.7' ],
70 silly audit   'postcss-merge-rules': [ '5.1.4' ],
70 silly audit   'postcss-minify-font-values': [ '5.1.0' ],
70 silly audit   'postcss-minify-gradients': [ '5.1.1' ],
70 silly audit   'postcss-minify-params': [ '5.1.4' ],
70 silly audit   'postcss-minify-selectors': [ '5.2.1' ],
70 silly audit   'postcss-modules-extract-imports': [ '3.1.0' ],
70 silly audit   'postcss-modules-local-by-default': [ '4.2.0' ],
70 silly audit   'postcss-selector-parser': [ '7.1.1', '6.1.2' ],
70 silly audit   'postcss-modules-scope': [ '3.2.1' ],
70 silly audit   'postcss-modules-values': [ '4.0.0' ],
70 silly audit   'postcss-nested': [ '6.2.0' ],
70 silly audit   'postcss-nesting': [ '10.2.0' ],
70 silly audit   'postcss-normalize': [ '10.0.1' ],
70 silly audit   'postcss-normalize-charset': [ '5.1.0' ],
70 silly audit   'postcss-normalize-display-values': [ '5.1.0' ],
70 silly audit   'postcss-normalize-positions': [ '5.1.1' ],
70 silly audit   'postcss-normalize-repeat-style': [ '5.1.1' ],
70 silly audit   'postcss-normalize-string': [ '5.1.0' ],
70 silly audit   'postcss-normalize-timing-functions': [ '5.1.0' ],
70 silly audit   'postcss-normalize-unicode': [ '5.1.1' ],
70 silly audit   'postcss-normalize-url': [ '5.1.0' ],
70 silly audit   'postcss-normalize-whitespace': [ '5.1.1' ],
70 silly audit   'postcss-opacity-percentage': [ '1.1.3' ],
70 silly audit   'postcss-ordered-values': [ '5.1.3' ],
70 silly audit   'postcss-overflow-shorthand': [ '3.0.4' ],
70 silly audit   'postcss-page-break': [ '3.0.4' ],
70 silly audit   'postcss-place': [ '7.0.5' ],
70 silly audit   'postcss-preset-env': [ '7.8.3' ],
70 silly audit   'postcss-pseudo-class-any-link': [ '7.1.6' ],
70 silly audit   'postcss-reduce-initial': [ '5.1.2' ],
70 silly audit   'postcss-reduce-transforms': [ '5.1.0' ],
70 silly audit   'postcss-replace-overflow-wrap': [ '4.0.0' ],
70 silly audit   'postcss-selector-not': [ '6.0.1' ],
70 silly audit   'postcss-svgo': [ '5.1.0' ],
70 silly audit   sax: [ '1.6.0', '1.2.4' ],
70 silly audit   svgo: [ '2.8.2', '1.3.2' ],
70 silly audit   'postcss-unique-selectors': [ '5.1.1' ],
70 silly audit   'postcss-value-parser': [ '4.2.0' ],
70 silly audit   'prelude-ls': [ '1.2.1' ],
70 silly audit   'pretty-bytes': [ '5.6.0' ],
70 silly audit   'pretty-error': [ '4.0.0' ],
70 silly audit   'process-nextick-args': [ '2.0.1' ],
70 silly audit   promise: [ '8.3.0' ],
70 silly audit   prompts: [ '2.4.2' ],
70 silly audit   'prop-types': [ '15.8.1' ],
70 silly audit   'proxy-addr': [ '2.0.7' ],
70 silly audit   psl: [ '1.15.0' ],
70 silly audit   punycode: [ '2.3.1' ],
70 silly audit   q: [ '1.5.1' ],
70 silly audit   qs: [ '6.14.2' ],
70 silly audit   querystringify: [ '2.2.0' ],
70 silly audit   'queue-microtask': [ '1.2.3' ],
70 silly audit   raf: [ '3.4.1' ],
70 silly audit   randombytes: [ '2.1.0' ],
70 silly audit   'range-parser': [ '1.2.1' ],
70 silly audit   'raw-body': [ '2.5.3' ],
70 silly audit   react: [ '19.2.4' ],
70 silly audit   'react-app-polyfill': [ '3.0.0' ],
70 silly audit   'react-day-picker': [ '9.14.0' ],
70 silly audit   'react-dev-utils': [ '12.0.1' ],
70 silly audit   'react-dom': [ '19.2.4' ],
70 silly audit   'react-error-overlay': [ '6.1.0' ],
70 silly audit   'react-hook-form': [ '7.73.1' ],
70 silly audit   'react-redux': [ '9.2.0' ],
70 silly audit   'react-refresh': [ '0.11.0' ],
70 silly audit   'react-remove-scroll': [ '2.7.2' ],
70 silly audit   'react-remove-scroll-bar': [ '2.3.8' ],
70 silly audit   'react-resizable-panels': [ '4.10.0' ],
70 silly audit   'react-router': [ '7.14.2' ],
70 silly audit   'react-scripts': [ '5.0.1' ],
70 silly audit   'postcss-load-config': [ '6.0.1', '4.0.2' ],
70 silly audit   tailwindcss: [ '3.4.19', '3.4.17' ],
70 silly audit   yaml: [ '2.8.3', '1.10.3' ],
70 silly audit   'react-style-singleton': [ '2.2.3' ],
70 silly audit   'read-cache': [ '1.0.0' ],
70 silly audit   readdirp: [ '3.6.0' ],
70 silly audit   recharts: [ '3.8.1' ],
70 silly audit   'recursive-readdir': [ '2.2.3' ],
70 silly audit   redent: [ '3.0.0' ],
70 silly audit   redux: [ '5.0.1' ],
70 silly audit   'redux-thunk': [ '3.1.0' ],
70 silly audit   'reflect.getprototypeof': [ '1.0.10' ],
70 silly audit   regenerate: [ '1.4.2' ],
70 silly audit   'regenerate-unicode-properties': [ '10.2.2' ],
70 silly audit   'regenerator-runtime': [ '0.13.11' ],
70 silly audit   'regex-parser': [ '2.3.1' ],
70 silly audit   'regexp.prototype.flags': [ '1.5.4' ],
70 silly audit   'regexpu-core': [ '6.4.0' ],
70 silly audit   regjsgen: [ '0.8.0' ],
70 silly audit   regjsparser: [ '0.13.0' ],
70 silly audit   relateurl: [ '0.2.7' ],
70 silly audit   renderkid: [ '3.0.0' ],
70 silly audit   'require-directory': [ '2.1.1' ],
70 silly audit   'require-from-string': [ '2.0.2' ],
70 silly audit   'requires-port': [ '1.0.0' ],
70 silly audit   reselect: [ '5.1.1' ],
70 silly audit   'resolve-cwd': [ '3.0.0' ],
70 silly audit   'resolve-url-loader': [ '4.0.0' ],
70 silly audit   'resolve.exports': [ '1.1.1' ],
70 silly audit   retry: [ '0.13.1' ],
70 silly audit   reusify: [ '1.1.0' ],
70 silly audit   rimraf: [ '3.0.2' ],
70 silly audit   rollup: [ '2.80.0' ],
70 silly audit   'rollup-plugin-terser': [ '7.0.2' ],
70 silly audit   'serialize-javascript': [ '4.0.0', '6.0.2' ],
70 silly audit   'run-parallel': [ '1.2.0' ],
70 silly audit   'safe-array-concat': [ '1.1.3' ],
70 silly audit   'safe-push-apply': [ '1.0.0' ],
70 silly audit   'safe-regex-test': [ '1.1.0' ],
70 silly audit   'safer-buffer': [ '2.1.2' ],
70 silly audit   'sanitize.css': [ '13.0.0' ],
70 silly audit   'sass-loader': [ '12.6.0' ],
70 silly audit   saxes: [ '5.0.1' ],
70 silly audit   scheduler: [ '0.27.0' ],
70 silly audit   'select-hose': [ '2.0.0' ],
70 silly audit   selfsigned: [ '2.4.1' ],
70 silly audit   send: [ '0.19.2' ],
70 silly audit   'serve-index': [ '1.9.2' ],
70 silly audit   statuses: [ '1.5.0', '2.0.2' ],
70 silly audit   'serve-static': [ '1.16.3' ],
70 silly audit   'set-cookie-parser': [ '2.7.2' ],
70 silly audit   'set-function-length': [ '1.2.2' ],
70 silly audit   'set-function-name': [ '2.0.2' ],
70 silly audit   'set-proto': [ '1.0.0' ],
70 silly audit   setprototypeof: [ '1.2.0' ],
70 silly audit   'shebang-command': [ '2.0.0' ],
70 silly audit   'shebang-regex': [ '3.0.0' ],
70 silly audit   'shell-quote': [ '1.8.3' ],
70 silly audit   'side-channel': [ '1.1.0' ],
70 silly audit   'side-channel-list': [ '1.0.0' ],
70 silly audit   'side-channel-map': [ '1.0.1' ],
70 silly audit   'side-channel-weakmap': [ '1.0.2' ],
70 silly audit   'signal-exit': [ '3.0.7' ],
70 silly audit   sisteransi: [ '1.0.5' ],
70 silly audit   sockjs: [ '0.3.24' ],
70 silly audit   sonner: [ '2.0.7' ],
70 silly audit   'source-list-map': [ '2.0.1' ],
70 silly audit   'source-map-js': [ '1.2.1' ],
70 silly audit   'source-map-loader': [ '3.0.2' ],
70 silly audit   'source-map-support': [ '0.5.21' ],
70 silly audit   'sourcemap-codec': [ '1.4.8' ],
70 silly audit   spdy: [ '4.0.2' ],
70 silly audit   'spdy-transport': [ '3.0.0' ],
70 silly audit   'sprintf-js': [ '1.0.3' ],
70 silly audit   stable: [ '0.1.8' ],
70 silly audit   'stack-utils': [ '2.0.6' ],
70 silly audit   stackframe: [ '1.3.4' ],
70 silly audit   'static-eval': [ '2.1.1' ],
70 silly audit   'stop-iteration-iterator': [ '1.1.0' ],
70 silly audit   'string-natural-compare': [ '3.0.1' ],
70 silly audit   'string-width': [ '4.2.3' ],
70 silly audit   'string.prototype.includes': [ '2.0.1' ],
70 silly audit   'string.prototype.matchall': [ '4.0.12' ],
70 silly audit   'string.prototype.repeat': [ '1.0.0' ],
70 silly audit   'string.prototype.trim': [ '1.2.10' ],
70 silly audit   'string.prototype.trimend': [ '1.0.9' ],
70 silly audit   'string.prototype.trimstart': [ '1.0.8' ],
70 silly audit   'stringify-object': [ '3.3.0' ],
70 silly audit   'strip-bom': [ '4.0.0', '3.0.0' ],
70 silly audit   'strip-comments': [ '2.0.1' ],
70 silly audit   'strip-final-newline': [ '2.0.0' ],
70 silly audit   'strip-indent': [ '3.0.0' ],
70 silly audit   'strip-json-comments': [ '3.1.1' ],
70 silly audit   'style-loader': [ '3.3.4' ],
70 silly audit   stylehacks: [ '5.1.1' ],
70 silly audit   sucrase: [ '3.35.1' ],
70 silly audit   'supports-hyperlinks': [ '2.3.0' ],
70 silly audit   'supports-preserve-symlinks-flag': [ '1.0.0' ],
70 silly audit   'svg-parser': [ '2.0.4' ],
70 silly audit   'symbol-tree': [ '3.2.4' ],
70 silly audit   'tailwind-merge': [ '3.5.0' ],
70 silly audit   'temp-dir': [ '2.0.0' ],
70 silly audit   tempy: [ '0.6.0' ],
70 silly audit   'terminal-link': [ '2.1.1' ],
70 silly audit   terser: [ '5.46.1' ],
70 silly audit   'terser-webpack-plugin': [ '5.4.0' ],
70 silly audit   'test-exclude': [ '6.0.0' ],
70 silly audit   'text-table': [ '0.2.0' ],
70 silly audit   thenify: [ '3.3.1' ],
70 silly audit   'thenify-all': [ '1.6.0' ],
70 silly audit   throat: [ '6.0.2' ],
70 silly audit   thunky: [ '1.1.0' ],
70 silly audit   'tiny-invariant': [ '1.3.3' ],
70 silly audit   tinyglobby: [ '0.2.16' ],
70 silly audit   fdir: [ '6.5.0' ],
70 silly audit   tmpl: [ '1.0.5' ],
70 silly audit   'to-regex-range': [ '5.0.1' ],
70 silly audit   toidentifier: [ '1.0.1' ],
70 silly audit   'tough-cookie': [ '4.1.4' ],
70 silly audit   universalify: [ '0.2.0', '2.0.1' ],
70 silly audit   tr46: [ '2.1.0', '1.0.1' ],
70 silly audit   tryer: [ '1.0.1' ],
70 silly audit   'ts-interface-checker': [ '0.1.13' ],
70 silly audit   'tsconfig-paths': [ '3.15.0' ],
70 silly audit   tslib: [ '2.8.1', '1.14.1' ],
70 silly audit   tsutils: [ '3.21.0' ],
70 silly audit   'type-check': [ '0.4.0' ],
70 silly audit   'type-detect': [ '4.0.8' ],
70 silly audit   'type-is': [ '1.6.18' ],
70 silly audit   'typed-array-buffer': [ '1.0.3' ],
70 silly audit   'typed-array-byte-length': [ '1.0.3' ],
70 silly audit   'typed-array-byte-offset': [ '1.0.4' ],
70 silly audit   'typed-array-length': [ '1.0.7' ],
70 silly audit   'typedarray-to-buffer': [ '3.1.5' ],
70 silly audit   typescript: [ '4.9.5' ],
70 silly audit   'unbox-primitive': [ '1.1.0' ],
70 silly audit   underscore: [ '1.13.6' ],
70 silly audit   'unicode-canonical-property-names-ecmascript': [ '2.0.1' ],
70 silly audit   'unicode-match-property-ecmascript': [ '2.0.0' ],
70 silly audit   'unicode-match-property-value-ecmascript': [ '2.2.1' ],
70 silly audit   'unicode-property-aliases-ecmascript': [ '2.2.0' ],
70 silly audit   'unique-string': [ '2.0.0' ],
70 silly audit   unpipe: [ '1.0.0' ],
70 silly audit   unquote: [ '1.1.1' ],
70 silly audit   upath: [ '1.2.0' ],
70 silly audit   'update-browserslist-db': [ '1.2.3' ],
70 silly audit   'uri-js': [ '4.4.1' ],
70 silly audit   'url-parse': [ '1.5.10' ],
70 silly audit   'use-callback-ref': [ '1.3.3' ],
70 silly audit   'use-sidecar': [ '1.1.3' ],
70 silly audit   'use-sync-external-store': [ '1.6.0' ],
70 silly audit   'util-deprecate': [ '1.0.2' ],
70 silly audit   'util.promisify': [ '1.0.1' ],
70 silly audit   utila: [ '0.4.0' ],
70 silly audit   'utils-merge': [ '1.0.1' ],
70 silly audit   uuid: [ '8.3.2' ],
70 silly audit   'v8-to-istanbul': [ '8.1.1' ],
70 silly audit   vary: [ '1.1.2' ],
70 silly audit   vaul: [ '1.1.2' ],
70 silly audit   'victory-vendor': [ '37.3.6' ],
70 silly audit   'w3c-hr-time': [ '1.0.2' ],
70 silly audit   'w3c-xmlserializer': [ '2.0.0' ],
70 silly audit   walker: [ '1.0.8' ],
70 silly audit   watchpack: [ '2.5.1' ],
70 silly audit   wbuf: [ '1.7.3' ],
70 silly audit   'web-vitals': [ '2.1.4' ],
70 silly audit   webpack: [ '5.105.4' ],
70 silly audit   'webpack-dev-middleware': [ '5.3.4' ],
70 silly audit   'webpack-dev-server': [ '4.15.2' ],
70 silly audit   ws: [ '8.20.0', '7.5.10' ],
70 silly audit   'webpack-manifest-plugin': [ '4.1.1' ],
70 silly audit   'webpack-sources': [ '2.3.1', '3.3.4', '1.4.3' ],
70 silly audit   'websocket-driver': [ '0.7.4' ],
70 silly audit   'websocket-extensions': [ '0.1.4' ],
70 silly audit   'whatwg-encoding': [ '1.0.5' ],
70 silly audit   'whatwg-fetch': [ '3.6.20' ],
70 silly audit   'whatwg-mimetype': [ '2.3.0' ],
70 silly audit   'whatwg-url': [ '8.7.0', '7.1.0' ],
70 silly audit   'which-boxed-primitive': [ '1.1.1' ],
70 silly audit   'which-builtin-type': [ '1.2.1' ],
70 silly audit   'which-collection': [ '1.0.2' ],
70 silly audit   'which-typed-array': [ '1.1.20' ],
70 silly audit   'word-wrap': [ '1.2.5' ],
70 silly audit   'workbox-background-sync': [ '6.6.0' ],
70 silly audit   'workbox-broadcast-update': [ '6.6.0' ],
70 silly audit   'workbox-build': [ '6.6.0' ],
70 silly audit   '@apideck/better-ajv-errors': [ '0.3.6' ],
70 silly audit   'workbox-cacheable-response': [ '6.6.0' ],
70 silly audit   'workbox-core': [ '6.6.0' ],
70 silly audit   'workbox-expiration': [ '6.6.0' ],
70 silly audit   'workbox-google-analytics': [ '6.6.0' ],
70 silly audit   'workbox-navigation-preload': [ '6.6.0' ],
70 silly audit   'workbox-precaching': [ '6.6.0' ],
70 silly audit   'workbox-range-requests': [ '6.6.0' ],
70 silly audit   'workbox-recipes': [ '6.6.0' ],
70 silly audit   'workbox-routing': [ '6.6.0' ],
70 silly audit   'workbox-strategies': [ '6.6.0' ],
70 silly audit   'workbox-streams': [ '6.6.0' ],
70 silly audit   'workbox-sw': [ '6.6.0' ],
70 silly audit   'workbox-webpack-plugin': [ '6.6.0' ],
70 silly audit   'workbox-window': [ '6.6.0' ],
70 silly audit   'wrap-ansi': [ '7.0.0' ],
70 silly audit   wrappy: [ '1.0.2' ],
70 silly audit   'write-file-atomic': [ '3.0.3' ],
70 silly audit   'xml-name-validator': [ '3.0.0' ],
70 silly audit   xmlchars: [ '2.2.0' ],
70 silly audit   y18n: [ '5.0.8' ],
70 silly audit   yallist: [ '3.1.1' ],
70 silly audit   yargs: [ '16.2.0' ],
70 silly audit   'yargs-parser': [ '20.2.9' ],
70 silly audit   'yocto-queue': [ '0.1.0' ]
70 silly audit }
71 verbose reify failed optional dependency D:\study\2 sem 2 kurs\курсач\my-app\frontend\node_modules\fsevents
72 silly reify mark deleted [
72 silly reify   'D:\\study\\2 sem 2 kurs\\курсач\\my-app\\frontend\\node_modules\\fsevents'
72 silly reify ]
73 silly tarball no local data for yaml@https://registry.npmjs.org/yaml/-/yaml-2.8.3.tgz. Extracting by manifest.
74 silly tarball no local data for postcss-load-config@https://registry.npmjs.org/postcss-load-config/-/postcss-load-config-4.0.2.tgz. Extracting by manifest.
75 silly tarball no local data for lilconfig@https://registry.npmjs.org/lilconfig/-/lilconfig-3.1.3.tgz. Extracting by manifest.
76 silly tarball no local data for tailwindcss@https://registry.npmjs.org/tailwindcss/-/tailwindcss-3.4.17.tgz. Extracting by manifest.
77 silly tarball no local data for lilconfig@https://registry.npmjs.org/lilconfig/-/lilconfig-3.1.3.tgz. Extracting by manifest.
78 http fetch GET 200 https://registry.npmjs.org/lilconfig/-/lilconfig-3.1.3.tgz 152ms (cache miss)
79 http fetch GET 200 https://registry.npmjs.org/lilconfig/-/lilconfig-3.1.3.tgz 204ms (cache miss)
80 http fetch GET 200 https://registry.npmjs.org/postcss-load-config/-/postcss-load-config-4.0.2.tgz 213ms (cache miss)
81 http fetch POST 200 https://registry.npmjs.org/-/npm/v1/security/advisories/bulk 272ms
82 silly audit report {
82 silly audit report   '@tootallnate/once': [
82 silly audit report     {
82 silly audit report       id: 1113977,
82 silly audit report       url: 'https://github.com/advisories/GHSA-vpq2-c234-7xj6',
82 silly audit report       title: '@tootallnate/once vulnerable to Incorrect Control Flow Scoping',
82 silly audit report       severity: 'low',
82 silly audit report       vulnerable_versions: '<3.0.1',
82 silly audit report       cwe: [Array],
82 silly audit report       cvss: [Object]
82 silly audit report     }
82 silly audit report   ],
82 silly audit report   'brace-expansion': [
82 silly audit report     {
82 silly audit report       id: 1115540,
82 silly audit report       url: 'https://github.com/advisories/GHSA-f886-m6hf-6m8v',
82 silly audit report       title: 'brace-expansion: Zero-step sequence causes process hang and memory exhaustion',
82 silly audit report       severity: 'moderate',
82 silly audit report       vulnerable_versions: '<1.1.13',
82 silly audit report       cwe: [Array],
82 silly audit report       cvss: [Object]
82 silly audit report     },
82 silly audit report     {
82 silly audit report       id: 1115541,
82 silly audit report       url: 'https://github.com/advisories/GHSA-f886-m6hf-6m8v',
82 silly audit report       title: 'brace-expansion: Zero-step sequence causes process hang and memory exhaustion',
82 silly audit report       severity: 'moderate',
82 silly audit report       vulnerable_versions: '>=2.0.0 <2.0.3',
82 silly audit report       cwe: [Array],
82 silly audit report       cvss: [Object]
82 silly audit report     }
82 silly audit report   ],
82 silly audit report   'follow-redirects': [
82 silly audit report     {
82 silly audit report       id: 1116560,
82 silly audit report       url: 'https://github.com/advisories/GHSA-r4q5-vmmm-2653',
82 silly audit report       title: 'follow-redirects leaks Custom Authentication Headers to Cross-Domain Redirect Targets',
82 silly audit report       severity: 'moderate',
82 silly audit report       vulnerable_versions: '<=1.15.11',
82 silly audit report       cwe: [Array],
82 silly audit report       cvss: [Object]
82 silly audit report     }
82 silly audit report   ],
82 silly audit report   lodash: [
82 silly audit report     {
82 silly audit report       id: 1115806,
82 silly audit report       url: 'https://github.com/advisories/GHSA-r5fr-rjxr-66jc',
82 silly audit report       title: 'lodash vulnerable to Code Injection via `_.template` imports key names',
82 silly audit report       severity: 'high',
82 silly audit report       vulnerable_versions: '>=4.0.0 <=4.17.23',
82 silly audit report       cwe: [Array],
82 silly audit report       cvss: [Object]
82 silly audit report     },
82 silly audit report     {
82 silly audit report       id: 1115810,
82 silly audit report       url: 'https://github.com/advisories/GHSA-f23m-r3pf-42rh',
82 silly audit report       title: 'lodash vulnerable to Prototype Pollution via array path bypass in `_.unset` and `_.omit`',
82 silly audit report       severity: 'moderate',
82 silly audit report       vulnerable_versions: '<=4.17.23',
82 silly audit report       cwe: [Array],
82 silly audit report       cvss: [Object]
82 silly audit report     }
82 silly audit report   ],
82 silly audit report   'node-forge': [
82 silly audit report     {
82 silly audit report       id: 1115545,
82 silly audit report       url: 'https://github.com/advisories/GHSA-2328-f5f3-gj25',
82 silly audit report       title: 'Forge has a basicConstraints bypass in its certificate chain verification (RFC 5280 violation)',
82 silly audit report       severity: 'high',
82 silly audit report       vulnerable_versions: '<=1.3.3',
82 silly audit report       cwe: [Array],
82 silly audit report       cvss: [Object]
82 silly audit report     },
82 silly audit report     {
82 silly audit report       id: 1115546,
82 silly audit report       url: 'https://github.com/advisories/GHSA-q67f-28xg-22rw',
82 silly audit report       title: 'Forge has signature forgery in Ed25519 due to missing S > L check',
82 silly audit report       severity: 'high',
82 silly audit report       vulnerable_versions: '<1.4.0',
82 silly audit report       cwe: [Array],
82 silly audit report       cvss: [Object]
82 silly audit report     },
82 silly audit report     {
82 silly audit report       id: 1115548,
82 silly audit report       url: 'https://github.com/advisories/GHSA-5m6q-g25r-mvwx',
82 silly audit report       title: 'Forge has Denial of Service via Infinite Loop in BigInteger.modInverse() with Zero Input',
82 silly audit report       severity: 'high',
82 silly audit report       vulnerable_versions: '<1.4.0',
82 silly audit report       cwe: [Array],
82 silly audit report       cvss: [Object]
82 silly audit report     },
82 silly audit report     {
82 silly audit report       id: 1115612,
82 silly audit report       url: 'https://github.com/advisories/GHSA-ppp5-5v6c-4jwp',
82 silly audit report       title: 'Forge has signature forgery in RSA-PKCS due to ASN.1 extra field  ',
82 silly audit report       severity: 'high',
82 silly audit report       vulnerable_versions: '<1.4.0',
82 silly audit report       cwe: [Array],
82 silly audit report       cvss: [Object]
82 silly audit report     }
82 silly audit report   ],
82 silly audit report   'nth-check': [
82 silly audit report     {
82 silly audit report       id: 1095141,
82 silly audit report       url: 'https://github.com/advisories/GHSA-rp65-9cf3-cjxr',
82 silly audit report       title: 'Inefficient Regular Expression Complexity in nth-check',
82 silly audit report       severity: 'high',
82 silly audit report       vulnerable_versions: '<2.0.1',
82 silly audit report       cwe: [Array],
82 silly audit report       cvss: [Object]
82 silly audit report     }
82 silly audit report   ],
82 silly audit report   'path-to-regexp': [
82 silly audit report     {
82 silly audit report       id: 1115527,
82 silly audit report       url: 'https://github.com/advisories/GHSA-37ch-88jc-xwx2',
82 silly audit report       title: 'path-to-regexp vulnerable to Regular Expression Denial of Service via multiple route parameters',
82 silly audit report       severity: 'high',
82 silly audit report       vulnerable_versions: '<0.1.13',
82 silly audit report       cwe: [Array],
82 silly audit report       cvss: [Object]
82 silly audit report     }
82 silly audit report   ],
82 silly audit report   postcss: [
82 silly audit report     {
82 silly audit report       id: 1109574,
82 silly audit report       url: 'https://github.com/advisories/GHSA-7fh5-64p2-3v2j',
82 silly audit report       title: 'PostCSS line return parsing error',
82 silly audit report       severity: 'moderate',
82 silly audit report       vulnerable_versions: '<8.4.31',
82 silly audit report       cwe: [Array],
82 silly audit report       cvss: [Object]
82 silly audit report     }
82 silly audit report   ],
82 silly audit report   'serialize-javascript': [
82 silly audit report     {
82 silly audit report       id: 1113686,
82 silly audit report       url: 'https://github.com/advisories/GHSA-5c6j-r48x-rmvq',
82 silly audit report       title: 'Serialize JavaScript is Vulnerable to RCE via RegExp.flags and Date.prototype.toISOString()',
82 silly audit report       severity: 'high',
82 silly audit report       vulnerable_versions: '<=7.0.2',
82 silly audit report       cwe: [Array],
82 silly audit report       cvss: [Object]
82 silly audit report     },
82 silly audit report     {
82 silly audit report       id: 1115723,
82 silly audit report       url: 'https://github.com/advisories/GHSA-qj8w-gfj5-8c6v',
82 silly audit report       title: 'Serialize JavaScript has CPU Exhaustion Denial of Service via crafted array-like objects',
82 silly audit report       severity: 'moderate',
82 silly audit report       vulnerable_versions: '<7.0.5',
82 silly audit report       cwe: [Array],
82 silly audit report       cvss: [Object]
82 silly audit report     }
82 silly audit report   ],
82 silly audit report   underscore: [
82 silly audit report     {
82 silly audit report       id: 1113950,
82 silly audit report       url: 'https://github.com/advisories/GHSA-qpx9-hpmf-5gmw',
82 silly audit report       title: 'Underscore has unlimited recursion in _.flatten and _.isEqual, potential for DoS attack',
82 silly audit report       severity: 'high',
82 silly audit report       vulnerable_versions: '<=1.13.7',
82 silly audit report       cwe: [Array],
82 silly audit report       cvss: [Object]
82 silly audit report     }
82 silly audit report   ],
82 silly audit report   'webpack-dev-server': [
82 silly audit report     {
82 silly audit report       id: 1108429,
82 silly audit report       url: 'https://github.com/advisories/GHSA-9jgg-88mc-972h',
82 silly audit report       title: "webpack-dev-server users' source code may be stolen when they access a malicious web site with non-Chromium based browser",
82 silly audit report       severity: 'moderate',
82 silly audit report       vulnerable_versions: '<=5.2.0',
82 silly audit report       cwe: [Array],
82 silly audit report       cvss: [Object]
82 silly audit report     },
82 silly audit report     {
82 silly audit report       id: 1108430,
82 silly audit report       url: 'https://github.com/advisories/GHSA-4v9v-hfq4-rm2v',
82 silly audit report       title: "webpack-dev-server users' source code may be stolen when they access a malicious web site",
82 silly audit report       severity: 'moderate',
82 silly audit report       vulnerable_versions: '<=5.2.0',
82 silly audit report       cwe: [Array],
82 silly audit report       cvss: [Object]
82 silly audit report     }
82 silly audit report   ]
82 silly audit report }
83 silly packumentCache corgi:https://registry.npmjs.org/@tootallnate%2fonce cache-miss
84 silly packumentCache corgi:https://registry.npmjs.org/brace-expansion cache-miss
85 silly packumentCache corgi:https://registry.npmjs.org/follow-redirects cache-miss
86 silly packumentCache corgi:https://registry.npmjs.org/lodash cache-miss
87 silly packumentCache corgi:https://registry.npmjs.org/node-forge cache-miss
88 silly packumentCache corgi:https://registry.npmjs.org/nth-check cache-miss
89 silly packumentCache corgi:https://registry.npmjs.org/path-to-regexp cache-miss
90 silly packumentCache corgi:https://registry.npmjs.org/postcss cache-miss
91 silly packumentCache corgi:https://registry.npmjs.org/serialize-javascript cache-miss
92 silly packumentCache corgi:https://registry.npmjs.org/underscore cache-miss
93 silly packumentCache corgi:https://registry.npmjs.org/webpack-dev-server cache-miss
94 http fetch GET 200 https://registry.npmjs.org/yaml/-/yaml-2.8.3.tgz 355ms (cache miss)
95 http fetch GET 200 https://registry.npmjs.org/brace-expansion 126ms (cache miss)
96 silly packumentCache corgi:https://registry.npmjs.org/brace-expansion set size:undefined disposed:false
97 http fetch GET 200 https://registry.npmjs.org/@tootallnate%2fonce 129ms (cache miss)
98 silly packumentCache corgi:https://registry.npmjs.org/@tootallnate%2fonce set size:undefined disposed:false
99 http fetch GET 200 https://registry.npmjs.org/node-forge 129ms (cache miss)
100 silly packumentCache corgi:https://registry.npmjs.org/node-forge set size:undefined disposed:false
101 http fetch GET 200 https://registry.npmjs.org/lodash 149ms (cache miss)
102 silly packumentCache corgi:https://registry.npmjs.org/lodash set size:undefined disposed:false
103 http fetch GET 200 https://registry.npmjs.org/follow-redirects 171ms (cache miss)
104 silly packumentCache corgi:https://registry.npmjs.org/follow-redirects set size:undefined disposed:false
105 http fetch GET 200 https://registry.npmjs.org/underscore 288ms (cache miss)
106 silly packumentCache corgi:https://registry.npmjs.org/underscore set size:undefined disposed:false
107 http fetch GET 200 https://registry.npmjs.org/nth-check 295ms (cache miss)
108 silly packumentCache corgi:https://registry.npmjs.org/nth-check set size:undefined disposed:false
109 http fetch GET 200 https://registry.npmjs.org/serialize-javascript 295ms (cache miss)
110 silly packumentCache corgi:https://registry.npmjs.org/serialize-javascript set size:undefined disposed:false
111 http fetch GET 200 https://registry.npmjs.org/path-to-regexp 302ms (cache miss)
112 silly packumentCache corgi:https://registry.npmjs.org/path-to-regexp set size:undefined disposed:false
113 http fetch GET 200 https://registry.npmjs.org/webpack-dev-server 305ms (cache miss)
114 silly packumentCache corgi:https://registry.npmjs.org/webpack-dev-server set size:undefined disposed:false
115 http fetch GET 200 https://registry.npmjs.org/postcss 323ms (cache miss)
116 silly packumentCache corgi:https://registry.npmjs.org/postcss set size:undefined disposed:false
117 http fetch GET 200 https://registry.npmjs.org/tailwindcss/-/tailwindcss-3.4.17.tgz 603ms (cache miss)
118 silly packumentCache corgi:https://registry.npmjs.org/http-proxy-agent cache-miss
119 http fetch GET 200 https://registry.npmjs.org/http-proxy-agent 736ms (cache miss)
120 silly packumentCache corgi:https://registry.npmjs.org/http-proxy-agent set size:undefined disposed:false
121 silly packumentCache corgi:https://registry.npmjs.org/minimatch cache-miss
122 http fetch GET 200 https://registry.npmjs.org/minimatch 70ms (cache miss)
123 silly packumentCache corgi:https://registry.npmjs.org/minimatch set size:undefined disposed:false
124 silly packumentCache corgi:https://registry.npmjs.org/http-proxy cache-miss
125 http fetch GET 200 https://registry.npmjs.org/http-proxy 76ms (cache miss)
126 silly packumentCache corgi:https://registry.npmjs.org/http-proxy set size:undefined disposed:false
127 silly packumentCache corgi:https://registry.npmjs.org/eslint-plugin-flowtype cache-miss
128 silly packumentCache corgi:https://registry.npmjs.org/html-webpack-plugin cache-miss
129 silly packumentCache corgi:https://registry.npmjs.org/pretty-error cache-miss
130 silly packumentCache corgi:https://registry.npmjs.org/renderkid cache-miss
131 silly packumentCache corgi:https://registry.npmjs.org/whatwg-url cache-miss
132 silly packumentCache corgi:https://registry.npmjs.org/workbox-build cache-miss
133 http fetch GET 200 https://registry.npmjs.org/pretty-error 83ms (cache miss)
134 silly packumentCache corgi:https://registry.npmjs.org/pretty-error set size:undefined disposed:false
135 http fetch GET 200 https://registry.npmjs.org/html-webpack-plugin 149ms (cache miss)
136 silly packumentCache corgi:https://registry.npmjs.org/html-webpack-plugin set size:undefined disposed:false
137 http fetch GET 200 https://registry.npmjs.org/whatwg-url 176ms (cache miss)
138 silly packumentCache corgi:https://registry.npmjs.org/whatwg-url set size:undefined disposed:false
139 http fetch GET 200 https://registry.npmjs.org/renderkid 180ms (cache miss)
140 silly packumentCache corgi:https://registry.npmjs.org/renderkid set size:undefined disposed:false
141 http fetch GET 200 https://registry.npmjs.org/workbox-build 181ms (cache miss)
142 silly packumentCache corgi:https://registry.npmjs.org/workbox-build set size:undefined disposed:false
143 http fetch GET 200 https://registry.npmjs.org/eslint-plugin-flowtype 191ms (cache miss)
144 silly packumentCache corgi:https://registry.npmjs.org/eslint-plugin-flowtype set size:undefined disposed:false
145 silly packumentCache corgi:https://registry.npmjs.org/selfsigned cache-miss
146 http fetch GET 200 https://registry.npmjs.org/selfsigned 85ms (cache miss)
147 silly packumentCache corgi:https://registry.npmjs.org/selfsigned set size:undefined disposed:false
148 silly packumentCache corgi:https://registry.npmjs.org/css-select cache-miss
149 http fetch GET 200 https://registry.npmjs.org/css-select 62ms (cache miss)
150 silly packumentCache corgi:https://registry.npmjs.org/css-select set size:undefined disposed:false
151 silly packumentCache corgi:https://registry.npmjs.org/express cache-miss
152 http fetch GET 200 https://registry.npmjs.org/express 76ms (cache miss)
153 silly packumentCache corgi:https://registry.npmjs.org/express set size:undefined disposed:false
154 silly packumentCache corgi:https://registry.npmjs.org/resolve-url-loader cache-miss
155 http fetch GET 200 https://registry.npmjs.org/resolve-url-loader 54ms (cache miss)
156 silly packumentCache corgi:https://registry.npmjs.org/resolve-url-loader set size:undefined disposed:false
157 silly packumentCache corgi:https://registry.npmjs.org/rollup-plugin-terser cache-miss
158 silly packumentCache corgi:https://registry.npmjs.org/css-minimizer-webpack-plugin cache-miss
159 http fetch GET 200 https://registry.npmjs.org/rollup-plugin-terser 61ms (cache miss)
160 silly packumentCache corgi:https://registry.npmjs.org/rollup-plugin-terser set size:undefined disposed:false
161 http fetch GET 200 https://registry.npmjs.org/css-minimizer-webpack-plugin 96ms (cache miss)
162 silly packumentCache corgi:https://registry.npmjs.org/css-minimizer-webpack-plugin set size:undefined disposed:false
163 silly packumentCache corgi:https://registry.npmjs.org/jsonpath cache-miss
164 http fetch GET 200 https://registry.npmjs.org/jsonpath 48ms (cache miss)
165 silly packumentCache corgi:https://registry.npmjs.org/jsonpath set size:undefined disposed:false
166 silly packumentCache corgi:https://registry.npmjs.org/@pmmmwh%2freact-refresh-webpack-plugin cache-miss
167 silly packumentCache corgi:https://registry.npmjs.org/react-scripts cache-miss
168 http fetch GET 200 https://registry.npmjs.org/react-scripts 103ms (cache miss)
169 silly packumentCache corgi:https://registry.npmjs.org/react-scripts set size:undefined disposed:false
170 http fetch GET 200 https://registry.npmjs.org/@pmmmwh%2freact-refresh-webpack-plugin 215ms (cache miss)
171 silly packumentCache corgi:https://registry.npmjs.org/@pmmmwh%2freact-refresh-webpack-plugin set size:undefined disposed:false
172 silly packumentCache corgi:https://registry.npmjs.org/jsdom cache-miss
173 http fetch GET 200 https://registry.npmjs.org/jsdom 84ms (cache miss)
174 silly packumentCache corgi:https://registry.npmjs.org/jsdom set size:undefined disposed:false
175 silly packumentCache corgi:https://registry.npmjs.org/svgo cache-miss
176 http fetch GET 200 https://registry.npmjs.org/svgo 125ms (cache miss)
177 silly packumentCache corgi:https://registry.npmjs.org/svgo set size:undefined disposed:false
178 silly packumentCache corgi:https://registry.npmjs.org/bfj cache-miss
179 http fetch GET 200 https://registry.npmjs.org/bfj 77ms (cache miss)
180 silly packumentCache corgi:https://registry.npmjs.org/bfj set size:undefined disposed:false
181 silly packumentCache corgi:https://registry.npmjs.org/jest-environment-jsdom cache-miss
182 http fetch GET 200 https://registry.npmjs.org/jest-environment-jsdom 203ms (cache miss)
183 silly packumentCache corgi:https://registry.npmjs.org/jest-environment-jsdom set size:undefined disposed:false
184 silly packumentCache corgi:https://registry.npmjs.org/@svgr%2fplugin-svgo cache-miss
185 http fetch GET 200 https://registry.npmjs.org/@svgr%2fplugin-svgo 122ms (cache miss)
186 silly packumentCache corgi:https://registry.npmjs.org/@svgr%2fplugin-svgo set size:undefined disposed:false
187 silly packumentCache corgi:https://registry.npmjs.org/workbox-webpack-plugin cache-miss
188 http fetch GET 200 https://registry.npmjs.org/workbox-webpack-plugin 108ms (cache miss)
189 silly packumentCache corgi:https://registry.npmjs.org/workbox-webpack-plugin set size:undefined disposed:false
190 silly packumentCache corgi:https://registry.npmjs.org/jest-config cache-miss
191 silly packumentCache corgi:https://registry.npmjs.org/jest-runner cache-miss
192 http fetch GET 200 https://registry.npmjs.org/jest-runner 125ms (cache miss)
193 silly packumentCache corgi:https://registry.npmjs.org/jest-runner set size:undefined disposed:false
194 http fetch GET 200 https://registry.npmjs.org/jest-config 217ms (cache miss)
195 silly packumentCache corgi:https://registry.npmjs.org/jest-config set size:undefined disposed:false
196 silly packumentCache corgi:https://registry.npmjs.org/@svgr%2fwebpack cache-miss
197 http fetch GET 200 https://registry.npmjs.org/@svgr%2fwebpack 79ms (cache miss)
198 silly packumentCache corgi:https://registry.npmjs.org/@svgr%2fwebpack set size:undefined disposed:false
199 silly packumentCache corgi:https://registry.npmjs.org/@jest%2fcore cache-miss
200 http fetch GET 200 https://registry.npmjs.org/@jest%2fcore 157ms (cache miss)
201 silly packumentCache corgi:https://registry.npmjs.org/@jest%2fcore set size:undefined disposed:false
202 silly packumentCache corgi:https://registry.npmjs.org/jest-cli cache-miss
203 http fetch GET 200 https://registry.npmjs.org/jest-cli 251ms (cache miss)
204 silly packumentCache corgi:https://registry.npmjs.org/jest-cli set size:undefined disposed:false
205 silly packumentCache corgi:https://registry.npmjs.org/jest cache-miss
206 http fetch GET 200 https://registry.npmjs.org/jest 170ms (cache miss)
207 silly packumentCache corgi:https://registry.npmjs.org/jest set size:undefined disposed:false
208 silly packumentCache corgi:https://registry.npmjs.org/jest-watch-typeahead cache-miss
209 http fetch GET 200 https://registry.npmjs.org/jest-watch-typeahead 78ms (cache miss)
210 silly packumentCache corgi:https://registry.npmjs.org/jest-watch-typeahead set size:undefined disposed:false
211 silly ADD node_modules/postcss-load-config
212 silly ADD node_modules/postcss-load-config/node_modules/yaml
213 silly ADD node_modules/postcss-load-config/node_modules/lilconfig
214 silly ADD
215 silly CHANGE node_modules/tailwindcss
216 silly ADD node_modules/tailwindcss/node_modules/lilconfig
217 verbose cwd D:\study\2 sem 2 kurs\курсач\my-app\frontend
218 verbose os Windows_NT 10.0.26200
219 verbose node v20.20.2
220 verbose npm  v10.8.2
221 notice
221 notice New major version of npm available! 10.8.2 -> 11.12.1
221 notice Changelog: https://github.com/npm/cli/releases/tag/v11.12.1
221 notice To update run: npm install -g npm@11.12.1
221 notice  { force: true, [Symbol(proc-log.meta)]: true }
222 verbose exit 0
223 info ok
